[0.065s] Invoking command in '/home/cairlab/Documents/GitHub/saga_repo/build/loki_can_devices': AMENT_PREFIX_PATH=/home/cairlab/Documents/GitHub/saga_repo/install/loki_msgs:/home/cairlab/Documents/GitHub/saga_repo/install/sensor_msgs:/home/cairlab/Documents/GitHub/saga_repo/install/nav_msgs:/home/cairlab/Documents/GitHub/saga_repo/install/diagnostic_msgs:/home/cairlab/Documents/GitHub/saga_repo/install/geometry_msgs:/home/cairlab/Documents/GitHub/saga_repo/install/std_srvs:/home/cairlab/Documents/GitHub/saga_repo/install/std_msgs:/home/cairlab/Documents/GitHub/saga_repo/install/loki_description:${AMENT_PREFIX_PATH} CMAKE_PREFIX_PATH=/home/cairlab/Documents/GitHub/saga_repo/install/loki_msgs:/home/cairlab/Documents/GitHub/saga_repo/install/sensor_msgs:/home/cairlab/Documents/GitHub/saga_repo/install/nav_msgs:/home/cairlab/Documents/GitHub/saga_repo/install/diagnostic_msgs:/home/cairlab/Documents/GitHub/saga_repo/install/geometry_msgs:/home/cairlab/Documents/GitHub/saga_repo/install/std_srvs:/home/cairlab/Documents/GitHub/saga_repo/install/std_msgs:/home/cairlab/Documents/GitHub/saga_repo/install/loki_description:/opt/ros/humble LD_LIBRARY_PATH=/home/cairlab/Documents/GitHub/saga_repo/install/loki_msgs/lib:/home/cairlab/Documents/GitHub/saga_repo/install/sensor_msgs/lib:/home/cairlab/Documents/GitHub/saga_repo/install/nav_msgs/lib:/home/cairlab/Documents/GitHub/saga_repo/install/diagnostic_msgs/lib:/home/cairlab/Documents/GitHub/saga_repo/install/geometry_msgs/lib:/home/cairlab/Documents/GitHub/saga_repo/install/std_srvs/lib:/home/cairlab/Documents/GitHub/saga_repo/install/std_msgs/lib:${LD_LIBRARY_PATH} PYTHONPATH=/home/cairlab/Documents/GitHub/saga_repo/install/loki_msgs/local/lib/python3.10/dist-packages:/home/cairlab/Documents/GitHub/saga_repo/install/sensor_msgs/local/lib/python3.10/dist-packages:/home/cairlab/Documents/GitHub/saga_repo/install/nav_msgs/local/lib/python3.10/dist-packages:/home/cairlab/Documents/GitHub/saga_repo/install/diagnostic_msgs/local/lib/python3.10/dist-packages:/home/cairlab/Documents/GitHub/saga_repo/install/geometry_msgs/local/lib/python3.10/dist-packages:/home/cairlab/Documents/GitHub/saga_repo/install/std_srvs/local/lib/python3.10/dist-packages:/home/cairlab/Documents/GitHub/saga_repo/install/std_msgs/local/lib/python3.10/dist-packages:${PYTHONPATH} /usr/bin/cmake --build /home/cairlab/Documents/GitHub/saga_repo/build/loki_can_devices -- -j12 -l12
[0.127s] [  9%] [32mBuilding CXX object CMakeFiles/can.dir/src/can_line_socketcan.cpp.o[0m
[0.127s] [ 18%] [32mBuilding CXX object CMakeFiles/can.dir/src/can_ctrl_pltf.cpp.o[0m
[0.227s] In file included from [01m[K/home/cairlab/Documents/GitHub/saga_repo/ros2_thor/src/loki/loki_can_devices/src/can_line_socketcan.cpp:1[m[K:
[0.227s] [01m[K/home/cairlab/Documents/GitHub/saga_repo/ros2_thor/src/loki/loki_can_devices/include/loki_can_devices/can_line_socketcan.h:23:10:[m[K [01;31m[Kfatal error: [m[Kcan_ctrl_pltf.h: No such file or directory
[0.227s]    23 | #include [01;31m[K<can_ctrl_pltf.h>[m[K
[0.227s]       |          [01;31m[K^~~~~~~~~~~~~~~~~[m[K
[0.227s] compilation terminated.
[0.228s] gmake[2]: *** [CMakeFiles/can.dir/build.make:160: CMakeFiles/can.dir/src/can_line_socketcan.cpp.o] Error 1
[0.228s] gmake[2]: *** Waiting for unfinished jobs....
[0.249s] In file included from [01m[K/home/cairlab/Documents/GitHub/saga_repo/ros2_thor/src/loki/loki_can_devices/include/loki_can_devices/can_ctrl_pltf.h:5[m[K,
[0.249s]                  from [01m[K/home/cairlab/Documents/GitHub/saga_repo/ros2_thor/src/loki/loki_can_devices/src/can_ctrl_pltf.cpp:5[m[K:
[0.249s] [01m[K/home/cairlab/Documents/GitHub/saga_repo/ros2_thor/src/loki/loki_can_devices/include/loki_can_devices/can_line_socketcan.h:23:10:[m[K [01;31m[Kfatal error: [m[Kcan_ctrl_pltf.h: No such file or directory
[0.250s]    23 | #include [01;31m[K<can_ctrl_pltf.h>[m[K
[0.250s]       |          [01;31m[K^~~~~~~~~~~~~~~~~[m[K
[0.250s] compilation terminated.
[0.251s] gmake[2]: *** [CMakeFiles/can.dir/build.make:174: CMakeFiles/can.dir/src/can_ctrl_pltf.cpp.o] Error 1
[0.252s] gmake[1]: *** [CMakeFiles/Makefile2:139: CMakeFiles/can.dir/all] Error 2
[0.252s] gmake: *** [Makefile:146: all] Error 2
[0.254s] Invoked command in '/home/cairlab/Documents/GitHub/saga_repo/build/loki_can_devices' returned '2': AMENT_PREFIX_PATH=/home/cairlab/Documents/GitHub/saga_repo/install/loki_msgs:/home/cairlab/Documents/GitHub/saga_repo/install/sensor_msgs:/home/cairlab/Documents/GitHub/saga_repo/install/nav_msgs:/home/cairlab/Documents/GitHub/saga_repo/install/diagnostic_msgs:/home/cairlab/Documents/GitHub/saga_repo/install/geometry_msgs:/home/cairlab/Documents/GitHub/saga_repo/install/std_srvs:/home/cairlab/Documents/GitHub/saga_repo/install/std_msgs:/home/cairlab/Documents/GitHub/saga_repo/install/loki_description:${AMENT_PREFIX_PATH} CMAKE_PREFIX_PATH=/home/cairlab/Documents/GitHub/saga_repo/install/loki_msgs:/home/cairlab/Documents/GitHub/saga_repo/install/sensor_msgs:/home/cairlab/Documents/GitHub/saga_repo/install/nav_msgs:/home/cairlab/Documents/GitHub/saga_repo/install/diagnostic_msgs:/home/cairlab/Documents/GitHub/saga_repo/install/geometry_msgs:/home/cairlab/Documents/GitHub/saga_repo/install/std_srvs:/home/cairlab/Documents/GitHub/saga_repo/install/std_msgs:/home/cairlab/Documents/GitHub/saga_repo/install/loki_description:/opt/ros/humble LD_LIBRARY_PATH=/home/cairlab/Documents/GitHub/saga_repo/install/loki_msgs/lib:/home/cairlab/Documents/GitHub/saga_repo/install/sensor_msgs/lib:/home/cairlab/Documents/GitHub/saga_repo/install/nav_msgs/lib:/home/cairlab/Documents/GitHub/saga_repo/install/diagnostic_msgs/lib:/home/cairlab/Documents/GitHub/saga_repo/install/geometry_msgs/lib:/home/cairlab/Documents/GitHub/saga_repo/install/std_srvs/lib:/home/cairlab/Documents/GitHub/saga_repo/install/std_msgs/lib:${LD_LIBRARY_PATH} PYTHONPATH=/home/cairlab/Documents/GitHub/saga_repo/install/loki_msgs/local/lib/python3.10/dist-packages:/home/cairlab/Documents/GitHub/saga_repo/install/sensor_msgs/local/lib/python3.10/dist-packages:/home/cairlab/Documents/GitHub/saga_repo/install/nav_msgs/local/lib/python3.10/dist-packages:/home/cairlab/Documents/GitHub/saga_repo/install/diagnostic_msgs/local/lib/python3.10/dist-packages:/home/cairlab/Documents/GitHub/saga_repo/install/geometry_msgs/local/lib/python3.10/dist-packages:/home/cairlab/Documents/GitHub/saga_repo/install/std_srvs/local/lib/python3.10/dist-packages:/home/cairlab/Documents/GitHub/saga_repo/install/std_msgs/local/lib/python3.10/dist-packages:${PYTHONPATH} /usr/bin/cmake --build /home/cairlab/Documents/GitHub/saga_repo/build/loki_can_devices -- -j12 -l12
