-- The C compiler identification is GNU 11.4.0
-- The CXX compiler identification is GNU 11.4.0
-- Detecting C compiler ABI info
-- Detecting C compiler ABI info - done
-- Check for working C compiler: /usr/bin/cc - skipped
-- Detecting C compile features
-- Detecting C compile features - done
-- Detecting CXX compiler ABI info
-- Detecting CXX compiler ABI info - done
-- Check for working CXX compiler: /usr/bin/c++ - skipped
-- Detecting CXX compile features
-- Detecting CXX compile features - done
-- Found ament_cmake: 1.3.5 (/opt/ros/humble/share/ament_cmake/cmake)
-- Found Python3: /usr/bin/python3.10 (found version "3.10.12") found components: Interpreter 
-- Found rclcpp: 16.0.5 (/opt/ros/humble/share/rclcpp/cmake)
-- Found rosidl_generator_c: 3.1.5 (/opt/ros/humble/share/rosidl_generator_c/cmake)
-- Found rosidl_adapter: 3.1.5 (/opt/ros/humble/share/rosidl_adapter/cmake)
-- Found rosidl_generator_cpp: 3.1.5 (/opt/ros/humble/share/rosidl_generator_cpp/cmake)
-- Using all available rosidl_typesupport_c: rosidl_typesupport_fastrtps_c;rosidl_typesupport_introspection_c
-- Using all available rosidl_typesupport_cpp: rosidl_typesupport_fastrtps_cpp;rosidl_typesupport_introspection_cpp
-- Found rmw_implementation_cmake: 6.1.1 (/opt/ros/humble/share/rmw_implementation_cmake/cmake)
-- Found rmw_fastrtps_cpp: 6.2.3 (/opt/ros/humble/share/rmw_fastrtps_cpp/cmake)
-- Found OpenSSL: /usr/lib/x86_64-linux-gnu/libcrypto.so (found version "3.0.2")  
-- Found FastRTPS: /opt/ros/humble/include  
-- Using RMW implementation 'rmw_fastrtps_cpp' as default
-- Looking for pthread.h
-- Looking for pthread.h - found
-- Performing Test CMAKE_HAVE_LIBC_PTHREAD
-- Performing Test CMAKE_HAVE_LIBC_PTHREAD - Success
-- Found Threads: TRUE  
-- Found angles: 1.15.0 (/opt/ros/humble/share/angles/cmake)
-- Found geometry_msgs: 5.2.0 (/home/cairlab/Documents/GitHub/saga_repo/install/geometry_msgs/share/geometry_msgs/cmake)
-- Found loki_msgs: 2.0.0 (/home/cairlab/Documents/GitHub/saga_repo/install/loki_msgs/share/loki_msgs/cmake)
-- Configuring done
-- Generating done
-- Build files have been written to: /home/cairlab/Documents/GitHub/saga_repo/build/loki_can_devices
[  9%] [32mBuilding CXX object CMakeFiles/can.dir/src/RoboteqFbl2360Diff.cpp.o[0m
[ 18%] [32mBuilding CXX object CMakeFiles/can.dir/src/can_io_v1uv.cpp.o[0m
[ 27%] [32mBuilding CXX object CMakeFiles/can.dir/src/RoboteqFbl2360.cpp.o[0m
[ 36%] [32mBuilding CXX object CMakeFiles/can.dir/src/kc_battery.cpp.o[0m
[ 45%] [32mBuilding CXX object CMakeFiles/can.dir/src/can_io_v1pcb.cpp.o[0m
[ 63%] [32mBuilding CXX object CMakeFiles/can.dir/src/can_line_socketcan.cpp.o[0m
[ 63%] [32mBuilding CXX object CMakeFiles/can.dir/src/can_frame.cpp.o[0m
[ 72%] [32mBuilding CXX object CMakeFiles/can.dir/src/can_ctrl_pltf.cpp.o[0m
[01m[K/home/cairlab/Documents/GitHub/saga_repo/ros2_thor/src/loki/loki_can_devices/src/can_io_v1uv.cpp:[m[K In member function â€˜[01m[Kvirtual bool V1UV::initIO(std::map<std::__cxx11::basic_string<char>, int>, std::vector<CanFrame>&)[m[Kâ€™:
[01m[K/home/cairlab/Documents/GitHub/saga_repo/ros2_thor/src/loki/loki_can_devices/src/can_io_v1uv.cpp:80:1:[m[K [01;35m[Kwarning: [m[Kno return statement in function returning non-void [[01;35m[K]8;;https://gcc.gnu.org/onlinedocs/gcc/Warning-Options.html#index-Wreturn-type-Wreturn-type]8;;[m[K]
   80 | [01;35m[K}[m[K
      | [01;35m[K^[m[K
[01m[K/home/cairlab/Documents/GitHub/saga_repo/ros2_thor/src/loki/loki_can_devices/src/can_io_v1pcb.cpp:[m[K In member function â€˜[01m[Kvirtual bool V1PCB::initIO(std::map<std::__cxx11::basic_string<char>, int>, std::vector<CanFrame>&)[m[Kâ€™:
[01m[K/home/cairlab/Documents/GitHub/saga_repo/ros2_thor/src/loki/loki_can_devices/src/can_io_v1pcb.cpp:85:1:[m[K [01;35m[Kwarning: [m[Kno return statement in function returning non-void [[01;35m[K]8;;https://gcc.gnu.org/onlinedocs/gcc/Warning-Options.html#index-Wreturn-type-Wreturn-type]8;;[m[K]
   85 | [01;35m[K}[m[K
      | [01;35m[K^[m[K
[01m[K/home/cairlab/Documents/GitHub/saga_repo/ros2_thor/src/loki/loki_can_devices/src/RoboteqFbl2360Diff.cpp:[m[K In member function â€˜[01m[Kvirtual bool RoboteqFbl2360Diff::sendDriveCommand(std::vector<CanFrame>&, int, double, double, double, bool)[m[Kâ€™:
[01m[K/home/cairlab/Documents/GitHub/saga_repo/ros2_thor/src/loki/loki_can_devices/src/RoboteqFbl2360Diff.cpp:540:1:[m[K [01;35m[Kwarning: [m[Kno return statement in function returning non-void [[01;35m[K]8;;https://gcc.gnu.org/onlinedocs/gcc/Warning-Options.html#index-Wreturn-type-Wreturn-type]8;;[m[K]
  540 | [01;35m[K}[m[K
      | [01;35m[K^[m[K
[01m[K/home/cairlab/Documents/GitHub/saga_repo/ros2_thor/src/loki/loki_can_devices/src/can_line_socketcan.cpp:[m[K In member function â€˜[01m[Kbool CanLineSocketcan::initialize(std::string)[m[Kâ€™:
[01m[K/home/cairlab/Documents/GitHub/saga_repo/ros2_thor/src/loki/loki_can_devices/src/can_line_socketcan.cpp:33:1:[m[K [01;35m[Kwarning: [m[Kno return statement in function returning non-void [[01;35m[K]8;;https://gcc.gnu.org/onlinedocs/gcc/Warning-Options.html#index-Wreturn-type-Wreturn-type]8;;[m[K]
   33 | [01;35m[K}[m[K
      | [01;35m[K^[m[K
[01m[K/home/cairlab/Documents/GitHub/saga_repo/ros2_thor/src/loki/loki_can_devices/src/can_line_socketcan.cpp:[m[K In member function â€˜[01m[Kbool CanLineSocketcan::writeMsg(CanFrame)[m[Kâ€™:
[01m[K/home/cairlab/Documents/GitHub/saga_repo/ros2_thor/src/loki/loki_can_devices/src/can_line_socketcan.cpp:140:34:[m[K [01;35m[Kwarning: [m[Knarrowing conversion of â€˜[01m[Kcan_frame_wr.CanFrame::getId()[m[Kâ€™ from â€˜[01m[Kint[m[Kâ€™ to â€˜[01m[Kcanid_t[m[Kâ€™ {aka â€˜[01m[Kunsigned int[m[Kâ€™} [[01;35m[K]8;;https://gcc.gnu.org/onlinedocs/gcc/Warning-Options.html#index-Wnarrowing-Wnarrowing]8;;[m[K]
  140 |      .can_id = [01;35m[Kcan_frame_wr.getId()[m[K,
      |                [01;35m[K~~~~~~~~~~~~~~~~~~^~[m[K
[01m[K/home/cairlab/Documents/GitHub/saga_repo/ros2_thor/src/loki/loki_can_devices/src/can_line_socketcan.cpp:141:39:[m[K [01;35m[Kwarning: [m[Knarrowing conversion of â€˜[01m[Kcan_frame_wr.CanFrame::getLength()[m[Kâ€™ from â€˜[01m[Kint[m[Kâ€™ to â€˜[01m[K__u8[m[Kâ€™ {aka â€˜[01m[Kunsigned char[m[Kâ€™} [[01;35m[K]8;;https://gcc.gnu.org/onlinedocs/gcc/Warning-Options.html#index-Wnarrowing-Wnarrowing]8;;[m[K]
  141 |      .can_dlc = [01;35m[Kcan_frame_wr.getLength()[m[K,
      |                 [01;35m[K~~~~~~~~~~~~~~~~~~~~~~^~[m[K
[ 81%] [32m[1mLinking CXX shared library libcan.so[0m
[ 81%] Built target can
[ 90%] [32mBuilding CXX object CMakeFiles/pytocpp.dir/src/py_to_cpp.cpp.o[0m
[01m[K/home/cairlab/Documents/GitHub/saga_repo/ros2_thor/src/loki/loki_can_devices/src/py_to_cpp.cpp:37:10:[m[K [01;31m[Kfatal error: [m[Kcan_ctrl_pltf.h: No such file or directory
   37 | #include [01;31m[K<can_ctrl_pltf.h>[m[K
      |          [01;31m[K^~~~~~~~~~~~~~~~~[m[K
compilation terminated.
gmake[2]: *** [CMakeFiles/pytocpp.dir/build.make:76: CMakeFiles/pytocpp.dir/src/py_to_cpp.cpp.o] Error 1
gmake[1]: *** [CMakeFiles/Makefile2:165: CMakeFiles/pytocpp.dir/all] Error 2
gmake: *** [Makefile:146: all] Error 2
