[0.043s] Invoking command in '/home/loki/Documents/GitHub/saga_repo/build/loki_can_devices': CMAKE_PREFIX_PATH=/home/loki/Documents/GitHub/saga_repo/install/loki_msgs:/home/loki/Documents/GitHub/saga_repo/install/loki_description:/home/loki/Documents/GitHub/saga_repo/install/loki_bringup:/home/loki/Documents/GitHub/saga_repo/install/robot_bringup:/home/loki/Documents/GitHub/saga_repo/install/rasberry_gazebo:/home/loki/Documents/GitHub/saga_repo/install/loki_twist_mux:/home/loki/Documents/GitHub/saga_repo/install/loki_simulator:/home/loki/Documents/GitHub/saga_repo/install/loki_can_devices:/home/loki/Documents/GitHub/saga_repo/install/loki_teleop:/home/loki/Documents/GitHub/saga_repo/install/loki_base:/opt/ros/humble LD_LIBRARY_PATH=/home/loki/Documents/GitHub/saga_repo/install/loki_msgs/lib:/home/loki/Documents/GitHub/saga_repo/install/loki_can_devices/lib:/usr/lib/x86_64-linux-gnu/gazebo-11/plugins:/opt/ros/humble/opt/rviz_ogre_vendor/lib:/opt/ros/humble/lib/x86_64-linux-gnu:/opt/ros/humble/lib /usr/bin/cmake --build /home/loki/Documents/GitHub/saga_repo/build/loki_can_devices -- -j8 -l8
[0.079s] [35m[1mConsolidate compiler generated dependencies of target can[0m
[0.112s] [ 81%] Built target can
[0.124s] [35m[1mConsolidate compiler generated dependencies of target pytocpp[0m
[0.146s] [ 90%] [32mBuilding CXX object CMakeFiles/pytocpp.dir/src/py_to_cpp.cpp.o[0m
[3.406s] [01m[K/home/loki/Documents/GitHub/saga_repo/ros2_thor/src/loki/loki_can_devices/src/py_to_cpp.cpp:[m[K In constructor â€˜[01m[KPyToCpp::PyToCpp()[m[Kâ€™:
[3.406s] [01m[K/home/loki/Documents/GitHub/saga_repo/ros2_thor/src/loki/loki_can_devices/src/py_to_cpp.cpp:322:13:[m[K [01;31m[Kerror: [m[Kâ€˜[01m[Kset[m[Kâ€™ was not declared in this scope
[3.406s]   322 |             [01;31m[Kset[m[K = init_can_ctrl();
[3.406s]       |             [01;31m[K^~~[m[K
[3.406s] [01m[K/home/loki/Documents/GitHub/saga_repo/ros2_thor/src/loki/loki_can_devices/src/py_to_cpp.cpp:322:13:[m[K [01;36m[Knote: [m[Ksuggested alternatives:
[3.406s] In file included from [01m[K/usr/include/c++/11/set:61[m[K,
[3.406s]                  from [01m[K/opt/ros/humble/include/rclcpp/rclcpp/executors/multi_threaded_executor.hpp:21[m[K,
[3.406s]                  from [01m[K/opt/ros/humble/include/rclcpp/rclcpp/executors.hpp:21[m[K,
[3.407s]                  from [01m[K/opt/ros/humble/include/rclcpp/rclcpp/rclcpp.hpp:155[m[K,
[3.407s]                  from [01m[K/home/loki/Documents/GitHub/saga_repo/ros2_thor/src/loki/loki_can_devices/src/py_to_cpp.cpp:1[m[K:
[3.407s] [01m[K/usr/include/c++/11/bits/stl_set.h:94:11:[m[K [01;36m[Knote: [m[K  â€˜[01m[Kstd::set[m[Kâ€™
[3.407s]    94 |     class [01;36m[Kset[m[K
[3.407s]       |           [01;36m[K^~~[m[K
[3.407s] In file included from [01m[K/opt/ros/humble/include/rclcpp/rclcpp/executors/multi_threaded_executor.hpp:21[m[K,
[3.407s]                  from [01m[K/opt/ros/humble/include/rclcpp/rclcpp/executors.hpp:21[m[K,
[3.407s]                  from [01m[K/opt/ros/humble/include/rclcpp/rclcpp/rclcpp.hpp:155[m[K,
[3.407s]                  from [01m[K/home/loki/Documents/GitHub/saga_repo/ros2_thor/src/loki/loki_can_devices/src/py_to_cpp.cpp:1[m[K:
[3.407s] [01m[K/usr/include/c++/11/set:78:13:[m[K [01;36m[Knote: [m[K  â€˜[01m[Kstd::pmr::set[m[Kâ€™
[3.407s]    78 |       using [01;36m[Kset[m[K = std::set<_Key, _Cmp, polymorphic_allocator<_Key>>;
[3.407s]       |             [01;36m[K^~~[m[K
[3.408s] In file included from [01m[K/usr/include/boost/lexical_cast/detail/converter_lexical.hpp:52[m[K,
[3.408s]                  from [01m[K/usr/include/boost/lexical_cast/try_lexical_convert.hpp:44[m[K,
[3.408s]                  from [01m[K/usr/include/boost/lexical_cast.hpp:32[m[K,
[3.408s]                  from [01m[K/usr/include/boost/date_time/format_date_parser.hpp:14[m[K,
[3.408s]                  from [01m[K/usr/include/boost/date_time/date_generator_parser.hpp:20[m[K,
[3.408s]                  from [01m[K/usr/include/boost/date_time/date_facet.hpp:25[m[K,
[3.408s]                  from [01m[K/usr/include/boost/date_time/gregorian/gregorian_io.hpp:16[m[K,
[3.408s]                  from [01m[K/usr/include/boost/date_time/gregorian/gregorian.hpp:31[m[K,
[3.408s]                  from [01m[K/usr/include/boost/date_time/posix_time/time_formatters.hpp:12[m[K,
[3.408s]                  from [01m[K/usr/include/boost/date_time/posix_time/posix_time.hpp:24[m[K,
[3.409s]                  from [01m[K/home/loki/Documents/GitHub/saga_repo/ros2_thor/src/loki/loki_can_devices/include/loki_can_devices/can_line_socketcan.h:31[m[K,
[3.409s]                  from [01m[K/home/loki/Documents/GitHub/saga_repo/ros2_thor/src/loki/loki_can_devices/include/loki_can_devices/can_ctrl_pltf.h:5[m[K,
[3.409s]                  from [01m[K/home/loki/Documents/GitHub/saga_repo/ros2_thor/src/loki/loki_can_devices/src/py_to_cpp.cpp:38[m[K:
[3.409s] [01m[K/usr/include/boost/container/container_fwd.hpp:142:7:[m[K [01;36m[Knote: [m[K  â€˜[01m[Kboost::container::set[m[Kâ€™
[3.409s]   142 | class [01;36m[Kset[m[K;
[3.409s]       |       [01;36m[K^~~[m[K
[3.409s] [01m[K/home/loki/Documents/GitHub/saga_repo/ros2_thor/src/loki/loki_can_devices/src/py_to_cpp.cpp:326:13:[m[K [01;31m[Kerror: [m[Kexpected primary-expression before â€˜[01m[K}[m[Kâ€™ token
[3.409s]   326 |             [01;31m[K}[m[K
[3.409s]       |             [01;31m[K^[m[K
[3.409s] [01m[K/home/loki/Documents/GitHub/saga_repo/ros2_thor/src/loki/loki_can_devices/src/py_to_cpp.cpp:326:13:[m[K [01;31m[Kerror: [m[Kreturning a value from a constructor
[3.409s] [01m[K/home/loki/Documents/GitHub/saga_repo/ros2_thor/src/loki/loki_can_devices/src/py_to_cpp.cpp:326:13:[m[K [01;31m[Kerror: [m[Kexpected â€˜[01m[K;[m[Kâ€™ before â€˜[01m[K}[m[Kâ€™ token
[9.325s] gmake[2]: *** [CMakeFiles/pytocpp.dir/build.make:76: CMakeFiles/pytocpp.dir/src/py_to_cpp.cpp.o] Error 1
[9.326s] gmake[1]: *** [CMakeFiles/Makefile2:165: CMakeFiles/pytocpp.dir/all] Error 2
[9.326s] gmake: *** [Makefile:146: all] Error 2
[9.328s] Invoked command in '/home/loki/Documents/GitHub/saga_repo/build/loki_can_devices' returned '2': CMAKE_PREFIX_PATH=/home/loki/Documents/GitHub/saga_repo/install/loki_msgs:/home/loki/Documents/GitHub/saga_repo/install/loki_description:/home/loki/Documents/GitHub/saga_repo/install/loki_bringup:/home/loki/Documents/GitHub/saga_repo/install/robot_bringup:/home/loki/Documents/GitHub/saga_repo/install/rasberry_gazebo:/home/loki/Documents/GitHub/saga_repo/install/loki_twist_mux:/home/loki/Documents/GitHub/saga_repo/install/loki_simulator:/home/loki/Documents/GitHub/saga_repo/install/loki_can_devices:/home/loki/Documents/GitHub/saga_repo/install/loki_teleop:/home/loki/Documents/GitHub/saga_repo/install/loki_base:/opt/ros/humble LD_LIBRARY_PATH=/home/loki/Documents/GitHub/saga_repo/install/loki_msgs/lib:/home/loki/Documents/GitHub/saga_repo/install/loki_can_devices/lib:/usr/lib/x86_64-linux-gnu/gazebo-11/plugins:/opt/ros/humble/opt/rviz_ogre_vendor/lib:/opt/ros/humble/lib/x86_64-linux-gnu:/opt/ros/humble/lib /usr/bin/cmake --build /home/loki/Documents/GitHub/saga_repo/build/loki_can_devices -- -j8 -l8
