[01m[K/home/cairlab/Documents/GitHub/saga_repo/ros2_thor/src/loki/loki_can_devices/src/py_to_cpp.cpp:[m[K In member function â€˜[01m[Kbool PyToCpp::srvCallbackMuteDeviceCommands(std::shared_ptr<std_srvs::srv::SetBool_Request_<std::allocator<void> > >, std::shared_ptr<std_srvs::srv::SetBool_Response_<std::allocator<void> > >)[m[Kâ€™:
[01m[K/home/cairlab/Documents/GitHub/saga_repo/ros2_thor/src/loki/loki_can_devices/src/py_to_cpp.cpp:605:45:[m[K [01;31m[Kerror: [m[Kâ€˜[01m[Kconst class std::shared_ptr<std_srvs::srv::SetBool_Request_<std::allocator<void> > >[m[Kâ€™ has no member named â€˜[01m[Kdata[m[Kâ€™
  605 |             mute_device_commands_ = request.[01;31m[Kdata[m[K;
      |                                             [01;31m[K^~~~[m[K
[01m[K/home/cairlab/Documents/GitHub/saga_repo/ros2_thor/src/loki/loki_can_devices/src/py_to_cpp.cpp:620:22:[m[K [01;31m[Kerror: [m[Kâ€˜[01m[Kclass std::shared_ptr<std_srvs::srv::SetBool_Response_<std::allocator<void> > >[m[Kâ€™ has no member named â€˜[01m[Ksuccess[m[Kâ€™
  620 |             response.[01;31m[Ksuccess[m[K = true;
      |                      [01;31m[K^~~~~~~[m[K
[01m[K/home/cairlab/Documents/GitHub/saga_repo/ros2_thor/src/loki/loki_can_devices/src/py_to_cpp.cpp:621:22:[m[K [01;31m[Kerror: [m[Kâ€˜[01m[Kclass std::shared_ptr<std_srvs::srv::SetBool_Response_<std::allocator<void> > >[m[Kâ€™ has no member named â€˜[01m[Kmessage[m[Kâ€™
  621 |             response.[01;31m[Kmessage[m[K = message.str();
      |                      [01;31m[K^~~~~~~[m[K
gmake[2]: *** [CMakeFiles/pytocpp.dir/build.make:76: CMakeFiles/pytocpp.dir/src/py_to_cpp.cpp.o] Error 1
gmake[1]: *** [CMakeFiles/Makefile2:165: CMakeFiles/pytocpp.dir/all] Error 2
gmake: *** [Makefile:146: all] Error 2
