[0.038s] Invoking command in '/home/loki/Documents/GitHub/saga_repo/build/loki_can_devices': AMENT_PREFIX_PATH=/home/loki/Documents/GitHub/saga_repo/install/loki_msgs:/home/loki/Documents/GitHub/saga_repo/install/loki_description:${AMENT_PREFIX_PATH} CMAKE_PREFIX_PATH=/home/loki/Documents/GitHub/saga_repo/install/loki_msgs:/home/loki/Documents/GitHub/saga_repo/install/loki_description:/opt/ros/humble LD_LIBRARY_PATH=/home/loki/Documents/GitHub/saga_repo/install/loki_msgs/lib:${LD_LIBRARY_PATH} PYTHONPATH=/home/loki/Documents/GitHub/saga_repo/install/loki_msgs/local/lib/python3.10/dist-packages:${PYTHONPATH} /usr/bin/cmake --build /home/loki/Documents/GitHub/saga_repo/build/loki_can_devices -- -j8 -l8
[0.078s] [35m[1mConsolidate compiler generated dependencies of target can[0m
[0.113s] [ 83%] Built target can
[0.126s] [35m[1mConsolidate compiler generated dependencies of target pytocpp[0m
[0.150s] [ 91%] [32mBuilding CXX object CMakeFiles/pytocpp.dir/src/py_to_cpp.cpp.o[0m
[3.735s] [01m[K/home/loki/Documents/GitHub/saga_repo/ros2_thor/src/loki/loki_can_devices/src/py_to_cpp.cpp:[m[K In member function â€˜[01m[Kbool PyToCpp::server_init_pltf(std::shared_ptr<loki_msgs::srv::InitPltf_Request_<std::allocator<void> > >, std::shared_ptr<loki_msgs::srv::InitPltf_Response_<std::allocator<void> > >)[m[Kâ€™:
[3.735s] [01m[K/home/loki/Documents/GitHub/saga_repo/ros2_thor/src/loki/loki_can_devices/src/py_to_cpp.cpp:445:49:[m[K [01;31m[Kerror: [m[Kâ€˜[01m[Knum_can_type[m[Kâ€™ was not declared in this scope
[3.735s]   445 |             bool ret = can_ctrl_pltf_->initPltf([01;31m[Knum_can_type[m[K, can_interface_name_, motor_drives_, batteries_, ios_);
[3.735s]       |                                                 [01;31m[K^~~~~~~~~~~~[m[K
[10.002s] gmake[2]: *** [CMakeFiles/pytocpp.dir/build.make:76: CMakeFiles/pytocpp.dir/src/py_to_cpp.cpp.o] Error 1
[10.003s] gmake[1]: *** [CMakeFiles/Makefile2:165: CMakeFiles/pytocpp.dir/all] Error 2
[10.003s] gmake: *** [Makefile:146: all] Error 2
[10.004s] Invoked command in '/home/loki/Documents/GitHub/saga_repo/build/loki_can_devices' returned '2': AMENT_PREFIX_PATH=/home/loki/Documents/GitHub/saga_repo/install/loki_msgs:/home/loki/Documents/GitHub/saga_repo/install/loki_description:${AMENT_PREFIX_PATH} CMAKE_PREFIX_PATH=/home/loki/Documents/GitHub/saga_repo/install/loki_msgs:/home/loki/Documents/GitHub/saga_repo/install/loki_description:/opt/ros/humble LD_LIBRARY_PATH=/home/loki/Documents/GitHub/saga_repo/install/loki_msgs/lib:${LD_LIBRARY_PATH} PYTHONPATH=/home/loki/Documents/GitHub/saga_repo/install/loki_msgs/local/lib/python3.10/dist-packages:${PYTHONPATH} /usr/bin/cmake --build /home/loki/Documents/GitHub/saga_repo/build/loki_can_devices -- -j8 -l8
