[ 83%] Built target can
[35m[1mConsolidate compiler generated dependencies of target pytocpp[0m
[ 91%] [32mBuilding CXX object CMakeFiles/pytocpp.dir/src/py_to_cpp.cpp.o[0m
[01m[K/home/loki/Documents/GitHub/saga_repo/ros2_thor/src/loki/loki_can_devices/src/py_to_cpp.cpp:[m[K In member function â€˜[01m[Kbool PyToCpp::server_init_pltf(std::shared_ptr<loki_msgs::srv::InitPltf_Request_<std::allocator<void> > >, std::shared_ptr<loki_msgs::srv::InitPltf_Response_<std::allocator<void> > >)[m[Kâ€™:
[01m[K/home/loki/Documents/GitHub/saga_repo/ros2_thor/src/loki/loki_can_devices/src/py_to_cpp.cpp:440:13:[m[K [01;31m[Kerror: [m[Kexpected initializer before â€˜[01m[Kif[m[Kâ€™
  440 |             [01;31m[Kif[m[K (can_interface_type_ == "socketcan"){
      |             [01;31m[K^~[m[K
[01m[K/home/loki/Documents/GitHub/saga_repo/ros2_thor/src/loki/loki_can_devices/src/py_to_cpp.cpp:443:13:[m[K [01;31m[Kerror: [m[Kâ€˜[01m[Kelse[m[Kâ€™ without a previous â€˜[01m[Kif[m[Kâ€™
  443 |             [01;31m[Kelse[m[K{
      |             [01;31m[K^~~~[m[K
[01m[K/home/loki/Documents/GitHub/saga_repo/ros2_thor/src/loki/loki_can_devices/src/py_to_cpp.cpp:444:17:[m[K [01;31m[Kerror: [m[Kâ€˜[01m[Knum_can_type[m[Kâ€™ was not declared in this scope
  444 |                 [01;31m[Knum_can_type[m[K = 0;
      |                 [01;31m[K^~~~~~~~~~~~[m[K
[01m[K/home/loki/Documents/GitHub/saga_repo/ros2_thor/src/loki/loki_can_devices/src/py_to_cpp.cpp:447:49:[m[K [01;31m[Kerror: [m[Kâ€˜[01m[Knum_can_type[m[Kâ€™ was not declared in this scope
  447 |             bool ret = can_ctrl_pltf_->initPltf([01;31m[Knum_can_type[m[K, can_interface_name_, motor_drives_, batteries_, ios_);
      |                                                 [01;31m[K^~~~~~~~~~~~[m[K
gmake[2]: *** [CMakeFiles/pytocpp.dir/build.make:76: CMakeFiles/pytocpp.dir/src/py_to_cpp.cpp.o] Error 1
gmake[1]: *** [CMakeFiles/Makefile2:165: CMakeFiles/pytocpp.dir/all] Error 2
gmake: *** [Makefile:146: all] Error 2
