[01m[K/home/loki/Documents/GitHub/saga_repo/ros2_thor/src/loki/loki_can_devices/src/can_io_v1uv.cpp:[m[K In member function â€˜[01m[Kvirtual bool V1UV::initIO(std::map<std::__cxx11::basic_string<char>, int>, std::vector<CanFrame>&)[m[Kâ€™:
[01m[K/home/loki/Documents/GitHub/saga_repo/ros2_thor/src/loki/loki_can_devices/src/can_io_v1uv.cpp:80:1:[m[K [01;35m[Kwarning: [m[Kno return statement in function returning non-void [[01;35m[K]8;;https://gcc.gnu.org/onlinedocs/gcc/Warning-Options.html#index-Wreturn-type-Wreturn-type]8;;[m[K]
   80 | [01;35m[K}[m[K
      | [01;35m[K^[m[K
[01m[K/home/loki/Documents/GitHub/saga_repo/ros2_thor/src/loki/loki_can_devices/src/can_io_v1pcb.cpp:[m[K In member function â€˜[01m[Kvirtual bool V1PCB::initIO(std::map<std::__cxx11::basic_string<char>, int>, std::vector<CanFrame>&)[m[Kâ€™:
[01m[K/home/loki/Documents/GitHub/saga_repo/ros2_thor/src/loki/loki_can_devices/src/can_io_v1pcb.cpp:85:1:[m[K [01;35m[Kwarning: [m[Kno return statement in function returning non-void [[01;35m[K]8;;https://gcc.gnu.org/onlinedocs/gcc/Warning-Options.html#index-Wreturn-type-Wreturn-type]8;;[m[K]
   85 | [01;35m[K}[m[K
      | [01;35m[K^[m[K
[01m[K/home/loki/Documents/GitHub/saga_repo/ros2_thor/src/loki/loki_can_devices/src/RoboteqFbl2360Diff.cpp:[m[K In member function â€˜[01m[Kvirtual bool RoboteqFbl2360Diff::sendDriveCommand(std::vector<CanFrame>&, int, double, double, double, bool)[m[Kâ€™:
[01m[K/home/loki/Documents/GitHub/saga_repo/ros2_thor/src/loki/loki_can_devices/src/RoboteqFbl2360Diff.cpp:540:1:[m[K [01;35m[Kwarning: [m[Kno return statement in function returning non-void [[01;35m[K]8;;https://gcc.gnu.org/onlinedocs/gcc/Warning-Options.html#index-Wreturn-type-Wreturn-type]8;;[m[K]
  540 | [01;35m[K}[m[K
      | [01;35m[K^[m[K
[01m[K/home/loki/Documents/GitHub/saga_repo/ros2_thor/src/loki/loki_can_devices/src/can_line_socketcan.cpp:[m[K In member function â€˜[01m[Kbool CanLineSocketcan::initialize(std::string)[m[Kâ€™:
[01m[K/home/loki/Documents/GitHub/saga_repo/ros2_thor/src/loki/loki_can_devices/src/can_line_socketcan.cpp:33:1:[m[K [01;35m[Kwarning: [m[Kno return statement in function returning non-void [[01;35m[K]8;;https://gcc.gnu.org/onlinedocs/gcc/Warning-Options.html#index-Wreturn-type-Wreturn-type]8;;[m[K]
   33 | [01;35m[K}[m[K
      | [01;35m[K^[m[K
[01m[K/home/loki/Documents/GitHub/saga_repo/ros2_thor/src/loki/loki_can_devices/src/can_line_socketcan.cpp:[m[K In member function â€˜[01m[Kbool CanLineSocketcan::writeMsg(CanFrame)[m[Kâ€™:
[01m[K/home/loki/Documents/GitHub/saga_repo/ros2_thor/src/loki/loki_can_devices/src/can_line_socketcan.cpp:140:34:[m[K [01;35m[Kwarning: [m[Knarrowing conversion of â€˜[01m[Kcan_frame_wr.CanFrame::getId()[m[Kâ€™ from â€˜[01m[Kint[m[Kâ€™ to â€˜[01m[Kcanid_t[m[Kâ€™ {aka â€˜[01m[Kunsigned int[m[Kâ€™} [[01;35m[K]8;;https://gcc.gnu.org/onlinedocs/gcc/Warning-Options.html#index-Wnarrowing-Wnarrowing]8;;[m[K]
  140 |      .can_id = [01;35m[Kcan_frame_wr.getId()[m[K,
      |                [01;35m[K~~~~~~~~~~~~~~~~~~^~[m[K
[01m[K/home/loki/Documents/GitHub/saga_repo/ros2_thor/src/loki/loki_can_devices/src/can_line_socketcan.cpp:141:39:[m[K [01;35m[Kwarning: [m[Knarrowing conversion of â€˜[01m[Kcan_frame_wr.CanFrame::getLength()[m[Kâ€™ from â€˜[01m[Kint[m[Kâ€™ to â€˜[01m[K__u8[m[Kâ€™ {aka â€˜[01m[Kunsigned char[m[Kâ€™} [[01;35m[K]8;;https://gcc.gnu.org/onlinedocs/gcc/Warning-Options.html#index-Wnarrowing-Wnarrowing]8;;[m[K]
  141 |      .can_dlc = [01;35m[Kcan_frame_wr.getLength()[m[K,
      |                 [01;35m[K~~~~~~~~~~~~~~~~~~~~~~^~[m[K
[01m[K/home/loki/Documents/GitHub/saga_repo/ros2_thor/src/loki/loki_can_devices/src/py_to_cpp.cpp:378:43:[m[K [01;31m[Kerror: [m[Kâ€˜[01m[KCANFrame[m[Kâ€™ is not a member of â€˜[01m[Kloki_msgs::msg[m[Kâ€™
  378 |         rclcpp::Publisher<loki_msgs::msg::[01;31m[KCANFrame[m[K>::SharedPtr pub1_;
      |                                           [01;31m[K^~~~~~~~[m[K
[01m[K/home/loki/Documents/GitHub/saga_repo/ros2_thor/src/loki/loki_can_devices/src/py_to_cpp.cpp:378:51:[m[K [01;31m[Kerror: [m[Ktemplate argument 1 is invalid
  378 |         rclcpp::Publisher<loki_msgs::msg::CANFrame[01;31m[K>[m[K::SharedPtr pub1_;
      |                                                   [01;31m[K^[m[K
[01m[K/home/loki/Documents/GitHub/saga_repo/ros2_thor/src/loki/loki_can_devices/src/py_to_cpp.cpp:378:54:[m[K [01;31m[Kerror: [m[Kexpected â€˜[01m[K;[m[Kâ€™ at end of member declaration
  378 |         rclcpp::Publisher<loki_msgs::msg::CANFrame>::[01;31m[KSharedPtr[m[K pub1_;
      |                                                      [01;31m[K^~~~~~~~~[m[K
      |                                                               [32m[K;[m[K
[01m[K/home/loki/Documents/GitHub/saga_repo/ros2_thor/src/loki/loki_can_devices/src/py_to_cpp.cpp:378:64:[m[K [01;31m[Kerror: [m[Kâ€˜[01m[Kpub1_[m[Kâ€™ does not name a type
  378 |         rclcpp::Publisher<loki_msgs::msg::CANFrame>::SharedPtr [01;31m[Kpub1_[m[K;
      |                                                                [01;31m[K^~~~~[m[K
[01m[K/home/loki/Documents/GitHub/saga_repo/ros2_thor/src/loki/loki_can_devices/src/py_to_cpp.cpp:379:43:[m[K [01;31m[Kerror: [m[Kâ€˜[01m[KCANFrame[m[Kâ€™ is not a member of â€˜[01m[Kloki_msgs::msg[m[Kâ€™
  379 |         rclcpp::Publisher<loki_msgs::msg::[01;31m[KCANFrame[m[K>::SharedPtr pub2_;
      |                                           [01;31m[K^~~~~~~~[m[K
[01m[K/home/loki/Documents/GitHub/saga_repo/ros2_thor/src/loki/loki_can_devices/src/py_to_cpp.cpp:379:51:[m[K [01;31m[Kerror: [m[Ktemplate argument 1 is invalid
  379 |         rclcpp::Publisher<loki_msgs::msg::CANFrame[01;31m[K>[m[K::SharedPtr pub2_;
      |                                                   [01;31m[K^[m[K
[01m[K/home/loki/Documents/GitHub/saga_repo/ros2_thor/src/loki/loki_can_devices/src/py_to_cpp.cpp:379:54:[m[K [01;31m[Kerror: [m[Kexpected â€˜[01m[K;[m[Kâ€™ at end of member declaration
  379 |         rclcpp::Publisher<loki_msgs::msg::CANFrame>::[01;31m[KSharedPtr[m[K pub2_;
      |                                                      [01;31m[K^~~~~~~~~[m[K
      |                                                               [32m[K;[m[K
[01m[K/home/loki/Documents/GitHub/saga_repo/ros2_thor/src/loki/loki_can_devices/src/py_to_cpp.cpp:379:54:[m[K [01;31m[Kerror: [m[Kredeclaration of â€˜[01m[Kint PyToCpp::SharedPtr[m[Kâ€™
[01m[K/home/loki/Documents/GitHub/saga_repo/ros2_thor/src/loki/loki_can_devices/src/py_to_cpp.cpp:378:54:[m[K [01;36m[Knote: [m[Kprevious declaration â€˜[01m[Kint PyToCpp::SharedPtr[m[Kâ€™
  378 |         rclcpp::Publisher<loki_msgs::msg::CANFrame>::[01;36m[KSharedPtr[m[K pub1_;
      |                                                      [01;36m[K^~~~~~~~~[m[K
[01m[K/home/loki/Documents/GitHub/saga_repo/ros2_thor/src/loki/loki_can_devices/src/py_to_cpp.cpp:379:64:[m[K [01;31m[Kerror: [m[Kâ€˜[01m[Kpub2_[m[Kâ€™ does not name a type
  379 |         rclcpp::Publisher<loki_msgs::msg::CANFrame>::SharedPtr [01;31m[Kpub2_[m[K;
      |                                                                [01;31m[K^~~~~[m[K
[01m[K/home/loki/Documents/GitHub/saga_repo/ros2_thor/src/loki/loki_can_devices/src/py_to_cpp.cpp:387:46:[m[K [01;31m[Kerror: [m[Kâ€˜[01m[KCANFrame[m[Kâ€™ is not a member of â€˜[01m[Kloki_msgs::msg[m[Kâ€™
  387 |         rclcpp::Subscription<loki_msgs::msg::[01;31m[KCANFrame[m[K>::SharedPtr sub3_;
      |                                              [01;31m[K^~~~~~~~[m[K
[01m[K/home/loki/Documents/GitHub/saga_repo/ros2_thor/src/loki/loki_can_devices/src/py_to_cpp.cpp:387:54:[m[K [01;31m[Kerror: [m[Ktemplate argument 1 is invalid
  387 |         rclcpp::Subscription<loki_msgs::msg::CANFrame[01;31m[K>[m[K::SharedPtr sub3_;
      |                                                      [01;31m[K^[m[K
[01m[K/home/loki/Documents/GitHub/saga_repo/ros2_thor/src/loki/loki_can_devices/src/py_to_cpp.cpp:387:54:[m[K [01;31m[Kerror: [m[Ktemplate argument 3 is invalid
[01m[K/home/loki/Documents/GitHub/saga_repo/ros2_thor/src/loki/loki_can_devices/src/py_to_cpp.cpp:387:54:[m[K [01;31m[Kerror: [m[Ktemplate argument 4 is invalid
[01m[K/home/loki/Documents/GitHub/saga_repo/ros2_thor/src/loki/loki_can_devices/src/py_to_cpp.cpp:387:54:[m[K [01;31m[Kerror: [m[Ktemplate argument 5 is invalid
[01m[K/home/loki/Documents/GitHub/saga_repo/ros2_thor/src/loki/loki_can_devices/src/py_to_cpp.cpp:387:57:[m[K [01;31m[Kerror: [m[Kexpected â€˜[01m[K;[m[Kâ€™ at end of member declaration
  387 |         rclcpp::Subscription<loki_msgs::msg::CANFrame>::[01;31m[KSharedPtr[m[K sub3_;
      |                                                         [01;31m[K^~~~~~~~~[m[K
      |                                                                  [32m[K;[m[K
[01m[K/home/loki/Documents/GitHub/saga_repo/ros2_thor/src/loki/loki_can_devices/src/py_to_cpp.cpp:387:57:[m[K [01;31m[Kerror: [m[Kredeclaration of â€˜[01m[Kint PyToCpp::SharedPtr[m[Kâ€™
[01m[K/home/loki/Documents/GitHub/saga_repo/ros2_thor/src/loki/loki_can_devices/src/py_to_cpp.cpp:378:54:[m[K [01;36m[Knote: [m[Kprevious declaration â€˜[01m[Kint PyToCpp::SharedPtr[m[Kâ€™
  378 |         rclcpp::Publisher<loki_msgs::msg::CANFrame>::[01;36m[KSharedPtr[m[K pub1_;
      |                                                      [01;36m[K^~~~~~~~~[m[K
[01m[K/home/loki/Documents/GitHub/saga_repo/ros2_thor/src/loki/loki_can_devices/src/py_to_cpp.cpp:387:67:[m[K [01;31m[Kerror: [m[Kâ€˜[01m[Ksub3_[m[Kâ€™ does not name a type
  387 |         rclcpp::Subscription<loki_msgs::msg::CANFrame>::SharedPtr [01;31m[Ksub3_[m[K;
      |                                                                   [01;31m[K^~~~~[m[K
[01m[K/home/loki/Documents/GitHub/saga_repo/ros2_thor/src/loki/loki_can_devices/src/py_to_cpp.cpp:647:55:[m[K [01;31m[Kerror: [m[Kâ€˜[01m[KCANFrame[m[Kâ€™ in namespace â€˜[01m[Kloki_msgs::msg[m[Kâ€™ does not name a type
  647 |         void canDeviceTCallback(const loki_msgs::msg::[01;31m[KCANFrame[m[K can_msg){
      |                                                       [01;31m[K^~~~~~~~[m[K
[01m[K/home/loki/Documents/GitHub/saga_repo/ros2_thor/src/loki/loki_can_devices/src/py_to_cpp.cpp:679:30:[m[K [01;31m[Kerror: [m[Kâ€˜[01m[Kloki_msgs::msg::CANFrame[m[Kâ€™ has not been declared
  679 |         void canFrameFromMsg([01;31m[Kloki_msgs[m[K::msg::CANFrame can_msg_in, CanFrame& can_frame_out){
      |                              [01;31m[K^~~~~~~~~[m[K
[01m[K/home/loki/Documents/GitHub/saga_repo/ros2_thor/src/loki/loki_can_devices/src/py_to_cpp.cpp:694:33:[m[K [01;31m[Kerror: [m[Kâ€˜[01m[Kloki_msgs::msg::CANFrame[m[Kâ€™ has not been declared
  694 |                                 [01;31m[Kloki_msgs[m[K::msg::CANFrame& can_msg_out)
      |                                 [01;31m[K^~~~~~~~~[m[K
[01m[K/home/loki/Documents/GitHub/saga_repo/ros2_thor/src/loki/loki_can_devices/src/py_to_cpp.cpp:[m[K In constructor â€˜[01m[KPyToCpp::PyToCpp()[m[Kâ€™:
[01m[K/home/loki/Documents/GitHub/saga_repo/ros2_thor/src/loki/loki_can_devices/src/py_to_cpp.cpp:80:13:[m[K [01;31m[Kerror: [m[Kâ€˜[01m[Kpub1_[m[Kâ€™ was not declared in this scope; did you mean â€˜[01m[Kpub3_[m[Kâ€™?
   80 |             [01;31m[Kpub1_[m[K = create_publisher<loki_msgs::msg::CANFrame>("can_frames_device_r", 100);
      |             [01;31m[K^~~~~[m[K
      |             [32m[Kpub3_[m[K
[01m[K/home/loki/Documents/GitHub/saga_repo/ros2_thor/src/loki/loki_can_devices/src/py_to_cpp.cpp:80:54:[m[K [01;31m[Kerror: [m[Kâ€˜[01m[KCANFrame[m[Kâ€™ is not a member of â€˜[01m[Kloki_msgs::msg[m[Kâ€™
   80 |             pub1_ = create_publisher<loki_msgs::msg::[01;31m[KCANFrame[m[K>("can_frames_device_r", 100);
      |                                                      [01;31m[K^~~~~~~~[m[K
[01m[K/home/loki/Documents/GitHub/saga_repo/ros2_thor/src/loki/loki_can_devices/src/py_to_cpp.cpp:80:63:[m[K [01;31m[Kerror: [m[Kno matching function for call to â€˜[01m[KPyToCpp::create_publisher<<expression error> >(const char [20], int)[m[Kâ€™
   80 |             pub1_ = [01;31m[Kcreate_publisher<loki_msgs::msg::CANFrame>("can_frames_device_r", 100)[m[K;
      |                     [01;31m[K~~~~~~~~~~~~~~~~~~~~~~~~~~~~~~~~~~~~~~~~~~^~~~~~~~~~~~~~~~~~~~~~~~~~~~[m[K
In file included from [01m[K/opt/ros/humble/include/rclcpp/rclcpp/executors/single_threaded_executor.hpp:28[m[K,
                 from [01m[K/opt/ros/humble/include/rclcpp/rclcpp/executors.hpp:22[m[K,
                 from [01m[K/opt/ros/humble/include/rclcpp/rclcpp/rclcpp.hpp:155[m[K,
                 from [01m[K/home/loki/Documents/GitHub/saga_repo/ros2_thor/src/loki/loki_can_devices/src/py_to_cpp.cpp:1[m[K:
[01m[K/opt/ros/humble/include/rclcpp/rclcpp/node.hpp:195:3:[m[K [01;36m[Knote: [m[Kcandidate: â€˜[01m[Ktemplate<class MessageT, class AllocatorT, class PublisherT> std::shared_ptr<PublisherT> rclcpp::Node::create_publisher(const string&, const rclcpp::QoS&, const rclcpp::PublisherOptionsWithAllocator<AllocatorT>&)[m[Kâ€™
  195 |   [01;36m[Kcreate_publisher[m[K(
      |   [01;36m[K^~~~~~~~~~~~~~~~[m[K
[01m[K/opt/ros/humble/include/rclcpp/rclcpp/node.hpp:195:3:[m[K [01;36m[Knote: [m[K  template argument deduction/substitution failed:
[01m[K/home/loki/Documents/GitHub/saga_repo/ros2_thor/src/loki/loki_can_devices/src/py_to_cpp.cpp:80:63:[m[K [01;31m[Kerror: [m[Ktemplate argument 1 is invalid
   80 |             pub1_ = [01;31m[Kcreate_publisher<loki_msgs::msg::CANFrame>("can_frames_device_r", 100)[m[K;
      |                     [01;31m[K~~~~~~~~~~~~~~~~~~~~~~~~~~~~~~~~~~~~~~~~~~^~~~~~~~~~~~~~~~~~~~~~~~~~~~[m[K
[01m[K/home/loki/Documents/GitHub/saga_repo/ros2_thor/src/loki/loki_can_devices/src/py_to_cpp.cpp:81:13:[m[K [01;31m[Kerror: [m[Kâ€˜[01m[Kpub2_[m[Kâ€™ was not declared in this scope; did you mean â€˜[01m[Kpub3_[m[Kâ€™?
   81 |             [01;31m[Kpub2_[m[K = create_publisher<loki_msgs::msg::CANFrame>("can_frames_base_r", 100);
      |             [01;31m[K^~~~~[m[K
      |             [32m[Kpub3_[m[K
[01m[K/home/loki/Documents/GitHub/saga_repo/ros2_thor/src/loki/loki_can_devices/src/py_to_cpp.cpp:81:54:[m[K [01;31m[Kerror: [m[Kâ€˜[01m[KCANFrame[m[Kâ€™ is not a member of â€˜[01m[Kloki_msgs::msg[m[Kâ€™
   81 |             pub2_ = create_publisher<loki_msgs::msg::[01;31m[KCANFrame[m[K>("can_frames_base_r", 100);
      |                                                      [01;31m[K^~~~~~~~[m[K
[01m[K/home/loki/Documents/GitHub/saga_repo/ros2_thor/src/loki/loki_can_devices/src/py_to_cpp.cpp:81:63:[m[K [01;31m[Kerror: [m[Kno matching function for call to â€˜[01m[KPyToCpp::create_publisher<<expression error> >(const char [18], int)[m[Kâ€™
   81 |             pub2_ = [01;31m[Kcreate_publisher<loki_msgs::msg::CANFrame>("can_frames_base_r", 100)[m[K;
      |                     [01;31m[K~~~~~~~~~~~~~~~~~~~~~~~~~~~~~~~~~~~~~~~~~~^~~~~~~~~~~~~~~~~~~~~~~~~~[m[K
In file included from [01m[K/opt/ros/humble/include/rclcpp/rclcpp/executors/single_threaded_executor.hpp:28[m[K,
                 from [01m[K/opt/ros/humble/include/rclcpp/rclcpp/executors.hpp:22[m[K,
                 from [01m[K/opt/ros/humble/include/rclcpp/rclcpp/rclcpp.hpp:155[m[K,
                 from [01m[K/home/loki/Documents/GitHub/saga_repo/ros2_thor/src/loki/loki_can_devices/src/py_to_cpp.cpp:1[m[K:
[01m[K/opt/ros/humble/include/rclcpp/rclcpp/node.hpp:195:3:[m[K [01;36m[Knote: [m[Kcandidate: â€˜[01m[Ktemplate<class MessageT, class AllocatorT, class PublisherT> std::shared_ptr<PublisherT> rclcpp::Node::create_publisher(const string&, const rclcpp::QoS&, const rclcpp::PublisherOptionsWithAllocator<AllocatorT>&)[m[Kâ€™
  195 |   [01;36m[Kcreate_publisher[m[K(
      |   [01;36m[K^~~~~~~~~~~~~~~~[m[K
[01m[K/opt/ros/humble/include/rclcpp/rclcpp/node.hpp:195:3:[m[K [01;36m[Knote: [m[K  template argument deduction/substitution failed:
[01m[K/home/loki/Documents/GitHub/saga_repo/ros2_thor/src/loki/loki_can_devices/src/py_to_cpp.cpp:81:63:[m[K [01;31m[Kerror: [m[Ktemplate argument 1 is invalid
   81 |             pub2_ = [01;31m[Kcreate_publisher<loki_msgs::msg::CANFrame>("can_frames_base_r", 100)[m[K;
      |                     [01;31m[K~~~~~~~~~~~~~~~~~~~~~~~~~~~~~~~~~~~~~~~~~~^~~~~~~~~~~~~~~~~~~~~~~~~~[m[K
[01m[K/home/loki/Documents/GitHub/saga_repo/ros2_thor/src/loki/loki_can_devices/src/py_to_cpp.cpp:89:13:[m[K [01;31m[Kerror: [m[Kâ€˜[01m[Ksub3_[m[Kâ€™ was not declared in this scope; did you mean â€˜[01m[Kpub3_[m[Kâ€™?
   89 |             [01;31m[Ksub3_[m[K = create_subscription<loki_msgs::msg::CANFrame>("can_frames_device_t", 100, std::bind(&PyToCpp::canDeviceTCallback, this, std::placeholders::_1));
      |             [01;31m[K^~~~~[m[K
      |             [32m[Kpub3_[m[K
[01m[K/home/loki/Documents/GitHub/saga_repo/ros2_thor/src/loki/loki_can_devices/src/py_to_cpp.cpp:89:57:[m[K [01;31m[Kerror: [m[Kâ€˜[01m[KCANFrame[m[Kâ€™ is not a member of â€˜[01m[Kloki_msgs::msg[m[Kâ€™
   89 |             sub3_ = create_subscription<loki_msgs::msg::[01;31m[KCANFrame[m[K>("can_frames_device_t", 100, std::bind(&PyToCpp::canDeviceTCallback, this, std::placeholders::_1));
      |                                                         [01;31m[K^~~~~~~~[m[K
[01m[K/home/loki/Documents/GitHub/saga_repo/ros2_thor/src/loki/loki_can_devices/src/py_to_cpp.cpp:89:66:[m[K [01;31m[Kerror: [m[Kno matching function for call to â€˜[01m[KPyToCpp::create_subscription<<expression error> >(const char [20], int, std::_Bind_helper<false, void (PyToCpp::*)(int), PyToCpp*, const std::_Placeholder<1>&>::type)[m[Kâ€™
   89 |             sub3_ = [01;31m[Kcreate_subscription<loki_msgs::msg::CANFrame>("can_frames_device_t", 100, std::bind(&PyToCpp::canDeviceTCallback, this, std::placeholders::_1))[m[K;
      |                     [01;31m[K~~~~~~~~~~~~~~~~~~~~~~~~~~~~~~~~~~~~~~~~~~~~~^~~~~~~~~~~~~~~~~~~~~~~~~~~~~~~~~~~~~~~~~~~~~~~~~~~~~~~~~~~~~~~~~~~~~~~~~~~~~~~~~~~~~~~~~~~~~~~~~~[m[K
In file included from [01m[K/opt/ros/humble/include/rclcpp/rclcpp/node.hpp:1321[m[K,
                 from [01m[K/opt/ros/humble/include/rclcpp/rclcpp/executors/single_threaded_executor.hpp:28[m[K,
                 from [01m[K/opt/ros/humble/include/rclcpp/rclcpp/executors.hpp:22[m[K,
                 from [01m[K/opt/ros/humble/include/rclcpp/rclcpp/rclcpp.hpp:155[m[K,
                 from [01m[K/home/loki/Documents/GitHub/saga_repo/ros2_thor/src/loki/loki_can_devices/src/py_to_cpp.cpp:1[m[K:
[01m[K/opt/ros/humble/include/rclcpp/rclcpp/node_impl.hpp:92:1:[m[K [01;36m[Knote: [m[Kcandidate: â€˜[01m[Ktemplate<class MessageT, class CallbackT, class AllocatorT, class SubscriptionT, class MessageMemoryStrategyT> std::shared_ptr<ROSMessageT> rclcpp::Node::create_subscription(const string&, const rclcpp::QoS&, CallbackT&&, const rclcpp::SubscriptionOptionsWithAllocator<AllocatorT>&, typename MessageMemoryStrategyT::SharedPtr)[m[Kâ€™
   92 | [01;36m[KNode[m[K::create_subscription(
      | [01;36m[K^~~~[m[K
[01m[K/opt/ros/humble/include/rclcpp/rclcpp/node_impl.hpp:92:1:[m[K [01;36m[Knote: [m[K  template argument deduction/substitution failed:
[01m[K/home/loki/Documents/GitHub/saga_repo/ros2_thor/src/loki/loki_can_devices/src/py_to_cpp.cpp:89:66:[m[K [01;31m[Kerror: [m[Ktemplate argument 1 is invalid
   89 |             sub3_ = [01;31m[Kcreate_subscription<loki_msgs::msg::CANFrame>("can_frames_device_t", 100, std::bind(&PyToCpp::canDeviceTCallback, this, std::placeholders::_1))[m[K;
      |                     [01;31m[K~~~~~~~~~~~~~~~~~~~~~~~~~~~~~~~~~~~~~~~~~~~~~^~~~~~~~~~~~~~~~~~~~~~~~~~~~~~~~~~~~~~~~~~~~~~~~~~~~~~~~~~~~~~~~~~~~~~~~~~~~~~~~~~~~~~~~~~~~~~~~~~[m[K
[01m[K/home/loki/Documents/GitHub/saga_repo/ros2_thor/src/loki/loki_can_devices/src/py_to_cpp.cpp:[m[K In member function â€˜[01m[Kbool PyToCpp::server_eval_can_buffer(std::shared_ptr<loki_msgs::srv::EvalCanBuffer_Request_<std::allocator<void> > >, std::shared_ptr<loki_msgs::srv::EvalCanBuffer_Response_<std::allocator<void> > >)[m[Kâ€™:
[01m[K/home/loki/Documents/GitHub/saga_repo/ros2_thor/src/loki/loki_can_devices/src/py_to_cpp.cpp:453:33:[m[K [01;31m[Kerror: [m[Kâ€˜[01m[KCANFrame[m[Kâ€™ is not a member of â€˜[01m[Kloki_msgs::msg[m[Kâ€™
  453 |                 loki_msgs::msg::[01;31m[KCANFrame[m[K can_msg;
      |                                 [01;31m[K^~~~~~~~[m[K
[01m[K/home/loki/Documents/GitHub/saga_repo/ros2_thor/src/loki/loki_can_devices/src/py_to_cpp.cpp:454:43:[m[K [01;31m[Kerror: [m[Kâ€˜[01m[Kcan_msg[m[Kâ€™ was not declared in this scope
  454 |                 canFrameToMsg(*can_frame, [01;31m[Kcan_msg[m[K);
      |                                           [01;31m[K^~~~~~~[m[K
[01m[K/home/loki/Documents/GitHub/saga_repo/ros2_thor/src/loki/loki_can_devices/src/py_to_cpp.cpp:455:17:[m[K [01;31m[Kerror: [m[Kâ€˜[01m[Kpub2_[m[Kâ€™ was not declared in this scope; did you mean â€˜[01m[Kpub3_[m[Kâ€™?
  455 |                 [01;31m[Kpub2_[m[K->publish(can_msg);
      |                 [01;31m[K^~~~~[m[K
      |                 [32m[Kpub3_[m[K
[01m[K/home/loki/Documents/GitHub/saga_repo/ros2_thor/src/loki/loki_can_devices/src/py_to_cpp.cpp:461:33:[m[K [01;31m[Kerror: [m[Kâ€˜[01m[KCANFrame[m[Kâ€™ is not a member of â€˜[01m[Kloki_msgs::msg[m[Kâ€™
  461 |                 loki_msgs::msg::[01;31m[KCANFrame[m[K can_msg;
      |                                 [01;31m[K^~~~~~~~[m[K
[01m[K/home/loki/Documents/GitHub/saga_repo/ros2_thor/src/loki/loki_can_devices/src/py_to_cpp.cpp:462:43:[m[K [01;31m[Kerror: [m[Kâ€˜[01m[Kcan_msg[m[Kâ€™ was not declared in this scope
  462 |                 canFrameToMsg(*can_frame, [01;31m[Kcan_msg[m[K);
      |                                           [01;31m[K^~~~~~~[m[K
[01m[K/home/loki/Documents/GitHub/saga_repo/ros2_thor/src/loki/loki_can_devices/src/py_to_cpp.cpp:463:17:[m[K [01;31m[Kerror: [m[Kâ€˜[01m[Kpub1_[m[Kâ€™ was not declared in this scope; did you mean â€˜[01m[Kpub3_[m[Kâ€™?
  463 |                 [01;31m[Kpub1_[m[K->publish(can_msg);
      |                 [01;31m[K^~~~~[m[K
      |                 [32m[Kpub3_[m[K
[01m[K/home/loki/Documents/GitHub/saga_repo/ros2_thor/src/loki/loki_can_devices/src/py_to_cpp.cpp:[m[K In member function â€˜[01m[Kvoid PyToCpp::canFrameFromMsg(int, CanFrame&)[m[Kâ€™:
[01m[K/home/loki/Documents/GitHub/saga_repo/ros2_thor/src/loki/loki_can_devices/src/py_to_cpp.cpp:680:44:[m[K [01;31m[Kerror: [m[Krequest for member â€˜[01m[Kid[m[Kâ€™ in â€˜[01m[Kcan_msg_in[m[Kâ€™, which is of non-class type â€˜[01m[Kint[m[Kâ€™
  680 |             can_frame_out.setId(can_msg_in.[01;31m[Kid[m[K);
      |                                            [01;31m[K^~[m[K
[01m[K/home/loki/Documents/GitHub/saga_repo/ros2_thor/src/loki/loki_can_devices/src/py_to_cpp.cpp:681:48:[m[K [01;31m[Kerror: [m[Krequest for member â€˜[01m[Klength[m[Kâ€™ in â€˜[01m[Kcan_msg_in[m[Kâ€™, which is of non-class type â€˜[01m[Kint[m[Kâ€™
  681 |             can_frame_out.setLength(can_msg_in.[01;31m[Klength[m[K);
      |                                                [01;31m[K^~~~~~[m[K
[01m[K/home/loki/Documents/GitHub/saga_repo/ros2_thor/src/loki/loki_can_devices/src/py_to_cpp.cpp:682:47:[m[K [01;31m[Kerror: [m[Krequest for member â€˜[01m[Kdata[m[Kâ€™ in â€˜[01m[Kcan_msg_in[m[Kâ€™, which is of non-class type â€˜[01m[Kint[m[Kâ€™
  682 |             can_frame_out.setBytes(can_msg_in.[01;31m[Kdata[m[K[0],
      |                                               [01;31m[K^~~~[m[K
[01m[K/home/loki/Documents/GitHub/saga_repo/ros2_thor/src/loki/loki_can_devices/src/py_to_cpp.cpp:683:48:[m[K [01;31m[Kerror: [m[Krequest for member â€˜[01m[Kdata[m[Kâ€™ in â€˜[01m[Kcan_msg_in[m[Kâ€™, which is of non-class type â€˜[01m[Kint[m[Kâ€™
  683 |                                     can_msg_in.[01;31m[Kdata[m[K[1],
      |                                                [01;31m[K^~~~[m[K
[01m[K/home/loki/Documents/GitHub/saga_repo/ros2_thor/src/loki/loki_can_devices/src/py_to_cpp.cpp:684:48:[m[K [01;31m[Kerror: [m[Krequest for member â€˜[01m[Kdata[m[Kâ€™ in â€˜[01m[Kcan_msg_in[m[Kâ€™, which is of non-class type â€˜[01m[Kint[m[Kâ€™
  684 |                                     can_msg_in.[01;31m[Kdata[m[K[2],
      |                                                [01;31m[K^~~~[m[K
[01m[K/home/loki/Documents/GitHub/saga_repo/ros2_thor/src/loki/loki_can_devices/src/py_to_cpp.cpp:685:48:[m[K [01;31m[Kerror: [m[Krequest for member â€˜[01m[Kdata[m[Kâ€™ in â€˜[01m[Kcan_msg_in[m[Kâ€™, which is of non-class type â€˜[01m[Kint[m[Kâ€™
  685 |                                     can_msg_in.[01;31m[Kdata[m[K[3],
      |                                                [01;31m[K^~~~[m[K
[01m[K/home/loki/Documents/GitHub/saga_repo/ros2_thor/src/loki/loki_can_devices/src/py_to_cpp.cpp:686:48:[m[K [01;31m[Kerror: [m[Krequest for member â€˜[01m[Kdata[m[Kâ€™ in â€˜[01m[Kcan_msg_in[m[Kâ€™, which is of non-class type â€˜[01m[Kint[m[Kâ€™
  686 |                                     can_msg_in.[01;31m[Kdata[m[K[4],
      |                                                [01;31m[K^~~~[m[K
[01m[K/home/loki/Documents/GitHub/saga_repo/ros2_thor/src/loki/loki_can_devices/src/py_to_cpp.cpp:687:48:[m[K [01;31m[Kerror: [m[Krequest for member â€˜[01m[Kdata[m[Kâ€™ in â€˜[01m[Kcan_msg_in[m[Kâ€™, which is of non-class type â€˜[01m[Kint[m[Kâ€™
  687 |                                     can_msg_in.[01;31m[Kdata[m[K[5],
      |                                                [01;31m[K^~~~[m[K
[01m[K/home/loki/Documents/GitHub/saga_repo/ros2_thor/src/loki/loki_can_devices/src/py_to_cpp.cpp:688:48:[m[K [01;31m[Kerror: [m[Krequest for member â€˜[01m[Kdata[m[Kâ€™ in â€˜[01m[Kcan_msg_in[m[Kâ€™, which is of non-class type â€˜[01m[Kint[m[Kâ€™
  688 |                                     can_msg_in.[01;31m[Kdata[m[K[6],
      |                                                [01;31m[K^~~~[m[K
[01m[K/home/loki/Documents/GitHub/saga_repo/ros2_thor/src/loki/loki_can_devices/src/py_to_cpp.cpp:689:48:[m[K [01;31m[Kerror: [m[Krequest for member â€˜[01m[Kdata[m[Kâ€™ in â€˜[01m[Kcan_msg_in[m[Kâ€™, which is of non-class type â€˜[01m[Kint[m[Kâ€™
  689 |                                     can_msg_in.[01;31m[Kdata[m[K[7]
      |                                                [01;31m[K^~~~[m[K
[01m[K/home/loki/Documents/GitHub/saga_repo/ros2_thor/src/loki/loki_can_devices/src/py_to_cpp.cpp:[m[K In member function â€˜[01m[Kvoid PyToCpp::canFrameToMsg(CanFrame, int&)[m[Kâ€™:
[01m[K/home/loki/Documents/GitHub/saga_repo/ros2_thor/src/loki/loki_can_devices/src/py_to_cpp.cpp:697:25:[m[K [01;31m[Kerror: [m[Krequest for member â€˜[01m[Kdata[m[Kâ€™ in â€˜[01m[Kcan_msg_out[m[Kâ€™, which is of non-class type â€˜[01m[Kint[m[Kâ€™
  697 |             can_msg_out.[01;31m[Kdata[m[K.resize(8);
      |                         [01;31m[K^~~~[m[K
[01m[K/home/loki/Documents/GitHub/saga_repo/ros2_thor/src/loki/loki_can_devices/src/py_to_cpp.cpp:698:25:[m[K [01;31m[Kerror: [m[Krequest for member â€˜[01m[Kid[m[Kâ€™ in â€˜[01m[Kcan_msg_out[m[Kâ€™, which is of non-class type â€˜[01m[Kint[m[Kâ€™
  698 |             can_msg_out.[01;31m[Kid[m[K = can_frame.getId();
      |                         [01;31m[K^~[m[K
[01m[K/home/loki/Documents/GitHub/saga_repo/ros2_thor/src/loki/loki_can_devices/src/py_to_cpp.cpp:699:25:[m[K [01;31m[Kerror: [m[Krequest for member â€˜[01m[Klength[m[Kâ€™ in â€˜[01m[Kcan_msg_out[m[Kâ€™, which is of non-class type â€˜[01m[Kint[m[Kâ€™
  699 |             can_msg_out.[01;31m[Klength[m[K = can_frame.getLength();
      |                         [01;31m[K^~~~~~[m[K
[01m[K/home/loki/Documents/GitHub/saga_repo/ros2_thor/src/loki/loki_can_devices/src/py_to_cpp.cpp:700:44:[m[K [01;31m[Kerror: [m[Krequest for member â€˜[01m[Kdata[m[Kâ€™ in â€˜[01m[Kcan_msg_out[m[Kâ€™, which is of non-class type â€˜[01m[Kint[m[Kâ€™
  700 |             can_frame.getBytes(can_msg_out.[01;31m[Kdata[m[K);
      |                                            [01;31m[K^~~~[m[K
gmake[2]: *** [CMakeFiles/pytocpp.dir/build.make:76: CMakeFiles/pytocpp.dir/src/py_to_cpp.cpp.o] Error 1
gmake[1]: *** [CMakeFiles/Makefile2:165: CMakeFiles/pytocpp.dir/all] Error 2
gmake: *** [Makefile:146: all] Error 2
