[0.034s] Invoking command in '/home/loki/Documents/GitHub/saga_repo/build/loki_can_devices': AMENT_PREFIX_PATH=/home/loki/Documents/GitHub/saga_repo/install/loki_msgs:/home/loki/Documents/GitHub/saga_repo/install/loki_description:${AMENT_PREFIX_PATH} CMAKE_PREFIX_PATH=/home/loki/Documents/GitHub/saga_repo/install/loki_msgs:/home/loki/Documents/GitHub/saga_repo/install/loki_description:/opt/ros/humble LD_LIBRARY_PATH=/home/loki/Documents/GitHub/saga_repo/install/loki_msgs/lib:${LD_LIBRARY_PATH} PYTHONPATH=/home/loki/Documents/GitHub/saga_repo/install/loki_msgs/local/lib/python3.10/dist-packages:${PYTHONPATH} /usr/bin/cmake /home/loki/Documents/GitHub/saga_repo/ros2_thor/src/loki/loki_can_devices -DCMAKE_INSTALL_PREFIX=/home/loki/Documents/GitHub/saga_repo/install/loki_can_devices
[0.075s] -- The C compiler identification is GNU 11.4.0
[0.132s] -- The CXX compiler identification is GNU 11.4.0
[0.137s] -- Detecting C compiler ABI info
[0.186s] -- Detecting C compiler ABI info - done
[0.191s] -- Check for working C compiler: /usr/bin/cc - skipped
[0.192s] -- Detecting C compile features
[0.192s] -- Detecting C compile features - done
[0.194s] -- Detecting CXX compiler ABI info
[0.250s] -- Detecting CXX compiler ABI info - done
[0.255s] -- Check for working CXX compiler: /usr/bin/c++ - skipped
[0.255s] -- Detecting CXX compile features
[0.255s] -- Detecting CXX compile features - done
[0.257s] -- Found ament_cmake: 1.3.5 (/opt/ros/humble/share/ament_cmake/cmake)
[0.371s] -- Found Python3: /usr/bin/python3.10 (found version "3.10.12") found components: Interpreter 
[0.429s] -- Found rclcpp: 16.0.6 (/opt/ros/humble/share/rclcpp/cmake)
[0.457s] -- Found rosidl_generator_c: 3.1.5 (/opt/ros/humble/share/rosidl_generator_c/cmake)
[0.460s] -- Found rosidl_adapter: 3.1.5 (/opt/ros/humble/share/rosidl_adapter/cmake)
[0.465s] -- Found rosidl_generator_cpp: 3.1.5 (/opt/ros/humble/share/rosidl_generator_cpp/cmake)
[0.474s] -- Using all available rosidl_typesupport_c: rosidl_typesupport_fastrtps_c;rosidl_typesupport_introspection_c
[0.487s] -- Using all available rosidl_typesupport_cpp: rosidl_typesupport_fastrtps_cpp;rosidl_typesupport_introspection_cpp
[0.533s] -- Found rmw_implementation_cmake: 6.1.1 (/opt/ros/humble/share/rmw_implementation_cmake/cmake)
[0.534s] -- Found rmw_fastrtps_cpp: 6.2.4 (/opt/ros/humble/share/rmw_fastrtps_cpp/cmake)
[0.607s] -- Found OpenSSL: /usr/lib/x86_64-linux-gnu/libcrypto.so (found version "3.0.2")  
[0.630s] -- Found FastRTPS: /opt/ros/humble/include  
[0.668s] -- Using RMW implementation 'rmw_fastrtps_cpp' as default
[0.676s] -- Looking for pthread.h
[0.726s] -- Looking for pthread.h - found
[0.726s] -- Performing Test CMAKE_HAVE_LIBC_PTHREAD
[0.775s] -- Performing Test CMAKE_HAVE_LIBC_PTHREAD - Success
[0.776s] -- Found Threads: TRUE  
[0.880s] -- Found std_srvs: 4.2.3 (/opt/ros/humble/share/std_srvs/cmake)
[0.893s] -- Found angles: 1.15.0 (/opt/ros/humble/share/angles/cmake)
[0.895s] -- Found geometry_msgs: 4.2.3 (/opt/ros/humble/share/geometry_msgs/cmake)
[0.925s] -- Found loki_msgs: 2.0.0 (/home/loki/Documents/GitHub/saga_repo/install/loki_msgs/share/loki_msgs/cmake)
[1.084s] -- Found Boost: /usr/lib/x86_64-linux-gnu/cmake/Boost-1.74.0/BoostConfig.cmake (found version "1.74.0") found components: system filesystem date_time program_options thread chrono 
[1.132s] -- Configuring done
[1.144s] -- Generating done
[1.145s] -- Build files have been written to: /home/loki/Documents/GitHub/saga_repo/build/loki_can_devices
[1.152s] Invoked command in '/home/loki/Documents/GitHub/saga_repo/build/loki_can_devices' returned '0': AMENT_PREFIX_PATH=/home/loki/Documents/GitHub/saga_repo/install/loki_msgs:/home/loki/Documents/GitHub/saga_repo/install/loki_description:${AMENT_PREFIX_PATH} CMAKE_PREFIX_PATH=/home/loki/Documents/GitHub/saga_repo/install/loki_msgs:/home/loki/Documents/GitHub/saga_repo/install/loki_description:/opt/ros/humble LD_LIBRARY_PATH=/home/loki/Documents/GitHub/saga_repo/install/loki_msgs/lib:${LD_LIBRARY_PATH} PYTHONPATH=/home/loki/Documents/GitHub/saga_repo/install/loki_msgs/local/lib/python3.10/dist-packages:${PYTHONPATH} /usr/bin/cmake /home/loki/Documents/GitHub/saga_repo/ros2_thor/src/loki/loki_can_devices -DCMAKE_INSTALL_PREFIX=/home/loki/Documents/GitHub/saga_repo/install/loki_can_devices
[1.153s] Invoking command in '/home/loki/Documents/GitHub/saga_repo/build/loki_can_devices': AMENT_PREFIX_PATH=/home/loki/Documents/GitHub/saga_repo/install/loki_msgs:/home/loki/Documents/GitHub/saga_repo/install/loki_description:${AMENT_PREFIX_PATH} CMAKE_PREFIX_PATH=/home/loki/Documents/GitHub/saga_repo/install/loki_msgs:/home/loki/Documents/GitHub/saga_repo/install/loki_description:/opt/ros/humble LD_LIBRARY_PATH=/home/loki/Documents/GitHub/saga_repo/install/loki_msgs/lib:${LD_LIBRARY_PATH} PYTHONPATH=/home/loki/Documents/GitHub/saga_repo/install/loki_msgs/local/lib/python3.10/dist-packages:${PYTHONPATH} /usr/bin/cmake --build /home/loki/Documents/GitHub/saga_repo/build/loki_can_devices -- -j8 -l8
[1.189s] [ 27%] [32mBuilding CXX object CMakeFiles/can.dir/src/can_io_v1pcb.cpp.o[0m
[1.189s] [ 36%] [32mBuilding CXX object CMakeFiles/can.dir/src/RoboteqFbl2360.cpp.o[0m
[1.189s] [ 36%] [32mBuilding CXX object CMakeFiles/can.dir/src/kc_battery.cpp.o[0m
[1.189s] [ 27%] [32mBuilding CXX object CMakeFiles/can.dir/src/RoboteqFbl2360Diff.cpp.o[0m
[1.190s] [ 45%] [32mBuilding CXX object CMakeFiles/can.dir/src/can_frame.cpp.o[0m
[1.192s] [ 54%] [32mBuilding CXX object CMakeFiles/can.dir/src/can_line_socketcan.cpp.o[0m
[1.196s] [ 63%] [32mBuilding CXX object CMakeFiles/can.dir/src/can_io_v1uv.cpp.o[0m
[1.210s] [ 72%] [32mBuilding CXX object CMakeFiles/can.dir/src/can_ctrl_pltf.cpp.o[0m
[1.711s] [01m[K/home/loki/Documents/GitHub/saga_repo/ros2_thor/src/loki/loki_can_devices/src/can_io_v1uv.cpp:[m[K In member function â€˜[01m[Kvirtual bool V1UV::initIO(std::map<std::__cxx11::basic_string<char>, int>, std::vector<CanFrame>&)[m[Kâ€™:
[1.711s] [01m[K/home/loki/Documents/GitHub/saga_repo/ros2_thor/src/loki/loki_can_devices/src/can_io_v1uv.cpp:80:1:[m[K [01;35m[Kwarning: [m[Kno return statement in function returning non-void [[01;35m[K]8;;https://gcc.gnu.org/onlinedocs/gcc/Warning-Options.html#index-Wreturn-type-Wreturn-type]8;;[m[K]
[1.711s]    80 | [01;35m[K}[m[K
[1.711s]       | [01;35m[K^[m[K
[1.720s] [01m[K/home/loki/Documents/GitHub/saga_repo/ros2_thor/src/loki/loki_can_devices/src/can_io_v1pcb.cpp:[m[K In member function â€˜[01m[Kvirtual bool V1PCB::initIO(std::map<std::__cxx11::basic_string<char>, int>, std::vector<CanFrame>&)[m[Kâ€™:
[1.720s] [01m[K/home/loki/Documents/GitHub/saga_repo/ros2_thor/src/loki/loki_can_devices/src/can_io_v1pcb.cpp:85:1:[m[K [01;35m[Kwarning: [m[Kno return statement in function returning non-void [[01;35m[K]8;;https://gcc.gnu.org/onlinedocs/gcc/Warning-Options.html#index-Wreturn-type-Wreturn-type]8;;[m[K]
[1.720s]    85 | [01;35m[K}[m[K
[1.720s]       | [01;35m[K^[m[K
[3.439s] [01m[K/home/loki/Documents/GitHub/saga_repo/ros2_thor/src/loki/loki_can_devices/src/RoboteqFbl2360Diff.cpp:[m[K In member function â€˜[01m[Kvirtual bool RoboteqFbl2360Diff::sendDriveCommand(std::vector<CanFrame>&, int, double, double, double, bool)[m[Kâ€™:
[3.439s] [01m[K/home/loki/Documents/GitHub/saga_repo/ros2_thor/src/loki/loki_can_devices/src/RoboteqFbl2360Diff.cpp:540:1:[m[K [01;35m[Kwarning: [m[Kno return statement in function returning non-void [[01;35m[K]8;;https://gcc.gnu.org/onlinedocs/gcc/Warning-Options.html#index-Wreturn-type-Wreturn-type]8;;[m[K]
[3.439s]   540 | [01;35m[K}[m[K
[3.439s]       | [01;35m[K^[m[K
[5.738s] [01m[K/home/loki/Documents/GitHub/saga_repo/ros2_thor/src/loki/loki_can_devices/src/can_line_socketcan.cpp:[m[K In member function â€˜[01m[Kbool CanLineSocketcan::initialize(std::string)[m[Kâ€™:
[5.738s] [01m[K/home/loki/Documents/GitHub/saga_repo/ros2_thor/src/loki/loki_can_devices/src/can_line_socketcan.cpp:33:1:[m[K [01;35m[Kwarning: [m[Kno return statement in function returning non-void [[01;35m[K]8;;https://gcc.gnu.org/onlinedocs/gcc/Warning-Options.html#index-Wreturn-type-Wreturn-type]8;;[m[K]
[5.738s]    33 | [01;35m[K}[m[K
[5.738s]       | [01;35m[K^[m[K
[5.741s] [01m[K/home/loki/Documents/GitHub/saga_repo/ros2_thor/src/loki/loki_can_devices/src/can_line_socketcan.cpp:[m[K In member function â€˜[01m[Kbool CanLineSocketcan::writeMsg(CanFrame)[m[Kâ€™:
[5.741s] [01m[K/home/loki/Documents/GitHub/saga_repo/ros2_thor/src/loki/loki_can_devices/src/can_line_socketcan.cpp:140:34:[m[K [01;35m[Kwarning: [m[Knarrowing conversion of â€˜[01m[Kcan_frame_wr.CanFrame::getId()[m[Kâ€™ from â€˜[01m[Kint[m[Kâ€™ to â€˜[01m[Kcanid_t[m[Kâ€™ {aka â€˜[01m[Kunsigned int[m[Kâ€™} [[01;35m[K]8;;https://gcc.gnu.org/onlinedocs/gcc/Warning-Options.html#index-Wnarrowing-Wnarrowing]8;;[m[K]
[5.742s]   140 |      .can_id = [01;35m[Kcan_frame_wr.getId()[m[K,
[5.742s]       |                [01;35m[K~~~~~~~~~~~~~~~~~~^~[m[K
[5.742s] [01m[K/home/loki/Documents/GitHub/saga_repo/ros2_thor/src/loki/loki_can_devices/src/can_line_socketcan.cpp:141:39:[m[K [01;35m[Kwarning: [m[Knarrowing conversion of â€˜[01m[Kcan_frame_wr.CanFrame::getLength()[m[Kâ€™ from â€˜[01m[Kint[m[Kâ€™ to â€˜[01m[K__u8[m[Kâ€™ {aka â€˜[01m[Kunsigned char[m[Kâ€™} [[01;35m[K]8;;https://gcc.gnu.org/onlinedocs/gcc/Warning-Options.html#index-Wnarrowing-Wnarrowing]8;;[m[K]
[5.742s]   141 |      .can_dlc = [01;35m[Kcan_frame_wr.getLength()[m[K,
[5.742s]       |                 [01;35m[K~~~~~~~~~~~~~~~~~~~~~~^~[m[K
[13.405s] [ 81%] [32m[1mLinking CXX shared library libcan.so[0m
[13.590s] [ 81%] Built target can
[13.604s] [ 90%] [32mBuilding CXX object CMakeFiles/pytocpp.dir/src/py_to_cpp.cpp.o[0m
[16.677s] [01m[K/home/loki/Documents/GitHub/saga_repo/ros2_thor/src/loki/loki_can_devices/src/py_to_cpp.cpp:378:43:[m[K [01;31m[Kerror: [m[Kâ€˜[01m[KCANFrame[m[Kâ€™ is not a member of â€˜[01m[Kloki_msgs::msg[m[Kâ€™
[16.677s]   378 |         rclcpp::Publisher<loki_msgs::msg::[01;31m[KCANFrame[m[K>::SharedPtr pub1_;
[16.677s]       |                                           [01;31m[K^~~~~~~~[m[K
[16.677s] [01m[K/home/loki/Documents/GitHub/saga_repo/ros2_thor/src/loki/loki_can_devices/src/py_to_cpp.cpp:378:51:[m[K [01;31m[Kerror: [m[Ktemplate argument 1 is invalid
[16.677s]   378 |         rclcpp::Publisher<loki_msgs::msg::CANFrame[01;31m[K>[m[K::SharedPtr pub1_;
[16.677s]       |                                                   [01;31m[K^[m[K
[16.677s] [01m[K/home/loki/Documents/GitHub/saga_repo/ros2_thor/src/loki/loki_can_devices/src/py_to_cpp.cpp:378:54:[m[K [01;31m[Kerror: [m[Kexpected â€˜[01m[K;[m[Kâ€™ at end of member declaration
[16.677s]   378 |         rclcpp::Publisher<loki_msgs::msg::CANFrame>::[01;31m[KSharedPtr[m[K pub1_;
[16.677s]       |                                                      [01;31m[K^~~~~~~~~[m[K
[16.677s]       |                                                               [32m[K;[m[K
[16.679s] [01m[K/home/loki/Documents/GitHub/saga_repo/ros2_thor/src/loki/loki_can_devices/src/py_to_cpp.cpp:378:64:[m[K [01;31m[Kerror: [m[Kâ€˜[01m[Kpub1_[m[Kâ€™ does not name a type
[16.679s]   378 |         rclcpp::Publisher<loki_msgs::msg::CANFrame>::SharedPtr [01;31m[Kpub1_[m[K;
[16.679s]       |                                                                [01;31m[K^~~~~[m[K
[16.680s] [01m[K/home/loki/Documents/GitHub/saga_repo/ros2_thor/src/loki/loki_can_devices/src/py_to_cpp.cpp:379:43:[m[K [01;31m[Kerror: [m[Kâ€˜[01m[KCANFrame[m[Kâ€™ is not a member of â€˜[01m[Kloki_msgs::msg[m[Kâ€™
[16.680s]   379 |         rclcpp::Publisher<loki_msgs::msg::[01;31m[KCANFrame[m[K>::SharedPtr pub2_;
[16.681s]       |                                           [01;31m[K^~~~~~~~[m[K
[16.681s] [01m[K/home/loki/Documents/GitHub/saga_repo/ros2_thor/src/loki/loki_can_devices/src/py_to_cpp.cpp:379:51:[m[K [01;31m[Kerror: [m[Ktemplate argument 1 is invalid
[16.681s]   379 |         rclcpp::Publisher<loki_msgs::msg::CANFrame[01;31m[K>[m[K::SharedPtr pub2_;
[16.681s]       |                                                   [01;31m[K^[m[K
[16.681s] [01m[K/home/loki/Documents/GitHub/saga_repo/ros2_thor/src/loki/loki_can_devices/src/py_to_cpp.cpp:379:54:[m[K [01;31m[Kerror: [m[Kexpected â€˜[01m[K;[m[Kâ€™ at end of member declaration
[16.681s]   379 |         rclcpp::Publisher<loki_msgs::msg::CANFrame>::[01;31m[KSharedPtr[m[K pub2_;
[16.681s]       |                                                      [01;31m[K^~~~~~~~~[m[K
[16.681s]       |                                                               [32m[K;[m[K
[16.681s] [01m[K/home/loki/Documents/GitHub/saga_repo/ros2_thor/src/loki/loki_can_devices/src/py_to_cpp.cpp:379:54:[m[K [01;31m[Kerror: [m[Kredeclaration of â€˜[01m[Kint PyToCpp::SharedPtr[m[Kâ€™
[16.681s] [01m[K/home/loki/Documents/GitHub/saga_repo/ros2_thor/src/loki/loki_can_devices/src/py_to_cpp.cpp:378:54:[m[K [01;36m[Knote: [m[Kprevious declaration â€˜[01m[Kint PyToCpp::SharedPtr[m[Kâ€™
[16.681s]   378 |         rclcpp::Publisher<loki_msgs::msg::CANFrame>::[01;36m[KSharedPtr[m[K pub1_;
[16.681s]       |                                                      [01;36m[K^~~~~~~~~[m[K
[16.682s] [01m[K/home/loki/Documents/GitHub/saga_repo/ros2_thor/src/loki/loki_can_devices/src/py_to_cpp.cpp:379:64:[m[K [01;31m[Kerror: [m[Kâ€˜[01m[Kpub2_[m[Kâ€™ does not name a type
[16.682s]   379 |         rclcpp::Publisher<loki_msgs::msg::CANFrame>::SharedPtr [01;31m[Kpub2_[m[K;
[16.682s]       |                                                                [01;31m[K^~~~~[m[K
[16.720s] [01m[K/home/loki/Documents/GitHub/saga_repo/ros2_thor/src/loki/loki_can_devices/src/py_to_cpp.cpp:387:46:[m[K [01;31m[Kerror: [m[Kâ€˜[01m[KCANFrame[m[Kâ€™ is not a member of â€˜[01m[Kloki_msgs::msg[m[Kâ€™
[16.720s]   387 |         rclcpp::Subscription<loki_msgs::msg::[01;31m[KCANFrame[m[K>::SharedPtr sub3_;
[16.720s]       |                                              [01;31m[K^~~~~~~~[m[K
[16.720s] [01m[K/home/loki/Documents/GitHub/saga_repo/ros2_thor/src/loki/loki_can_devices/src/py_to_cpp.cpp:387:54:[m[K [01;31m[Kerror: [m[Ktemplate argument 1 is invalid
[16.720s]   387 |         rclcpp::Subscription<loki_msgs::msg::CANFrame[01;31m[K>[m[K::SharedPtr sub3_;
[16.720s]       |                                                      [01;31m[K^[m[K
[16.720s] [01m[K/home/loki/Documents/GitHub/saga_repo/ros2_thor/src/loki/loki_can_devices/src/py_to_cpp.cpp:387:54:[m[K [01;31m[Kerror: [m[Ktemplate argument 3 is invalid
[16.720s] [01m[K/home/loki/Documents/GitHub/saga_repo/ros2_thor/src/loki/loki_can_devices/src/py_to_cpp.cpp:387:54:[m[K [01;31m[Kerror: [m[Ktemplate argument 4 is invalid
[16.721s] [01m[K/home/loki/Documents/GitHub/saga_repo/ros2_thor/src/loki/loki_can_devices/src/py_to_cpp.cpp:387:54:[m[K [01;31m[Kerror: [m[Ktemplate argument 5 is invalid
[16.721s] [01m[K/home/loki/Documents/GitHub/saga_repo/ros2_thor/src/loki/loki_can_devices/src/py_to_cpp.cpp:387:57:[m[K [01;31m[Kerror: [m[Kexpected â€˜[01m[K;[m[Kâ€™ at end of member declaration
[16.721s]   387 |         rclcpp::Subscription<loki_msgs::msg::CANFrame>::[01;31m[KSharedPtr[m[K sub3_;
[16.721s]       |                                                         [01;31m[K^~~~~~~~~[m[K
[16.721s]       |                                                                  [32m[K;[m[K
[16.721s] [01m[K/home/loki/Documents/GitHub/saga_repo/ros2_thor/src/loki/loki_can_devices/src/py_to_cpp.cpp:387:57:[m[K [01;31m[Kerror: [m[Kredeclaration of â€˜[01m[Kint PyToCpp::SharedPtr[m[Kâ€™
[16.721s] [01m[K/home/loki/Documents/GitHub/saga_repo/ros2_thor/src/loki/loki_can_devices/src/py_to_cpp.cpp:378:54:[m[K [01;36m[Knote: [m[Kprevious declaration â€˜[01m[Kint PyToCpp::SharedPtr[m[Kâ€™
[16.721s]   378 |         rclcpp::Publisher<loki_msgs::msg::CANFrame>::[01;36m[KSharedPtr[m[K pub1_;
[16.721s]       |                                                      [01;36m[K^~~~~~~~~[m[K
[16.722s] [01m[K/home/loki/Documents/GitHub/saga_repo/ros2_thor/src/loki/loki_can_devices/src/py_to_cpp.cpp:387:67:[m[K [01;31m[Kerror: [m[Kâ€˜[01m[Ksub3_[m[Kâ€™ does not name a type
[16.722s]   387 |         rclcpp::Subscription<loki_msgs::msg::CANFrame>::SharedPtr [01;31m[Ksub3_[m[K;
[16.722s]       |                                                                   [01;31m[K^~~~~[m[K
[16.723s] [01m[K/home/loki/Documents/GitHub/saga_repo/ros2_thor/src/loki/loki_can_devices/src/py_to_cpp.cpp:647:55:[m[K [01;31m[Kerror: [m[Kâ€˜[01m[KCANFrame[m[Kâ€™ in namespace â€˜[01m[Kloki_msgs::msg[m[Kâ€™ does not name a type
[16.723s]   647 |         void canDeviceTCallback(const loki_msgs::msg::[01;31m[KCANFrame[m[K can_msg){
[16.723s]       |                                                       [01;31m[K^~~~~~~~[m[K
[16.723s] [01m[K/home/loki/Documents/GitHub/saga_repo/ros2_thor/src/loki/loki_can_devices/src/py_to_cpp.cpp:679:30:[m[K [01;31m[Kerror: [m[Kâ€˜[01m[Kloki_msgs::msg::CANFrame[m[Kâ€™ has not been declared
[16.723s]   679 |         void canFrameFromMsg([01;31m[Kloki_msgs[m[K::msg::CANFrame can_msg_in, CanFrame& can_frame_out){
[16.723s]       |                              [01;31m[K^~~~~~~~~[m[K
[16.723s] [01m[K/home/loki/Documents/GitHub/saga_repo/ros2_thor/src/loki/loki_can_devices/src/py_to_cpp.cpp:694:33:[m[K [01;31m[Kerror: [m[Kâ€˜[01m[Kloki_msgs::msg::CANFrame[m[Kâ€™ has not been declared
[16.723s]   694 |                                 [01;31m[Kloki_msgs[m[K::msg::CANFrame& can_msg_out)
[16.723s]       |                                 [01;31m[K^~~~~~~~~[m[K
[16.806s] [01m[K/home/loki/Documents/GitHub/saga_repo/ros2_thor/src/loki/loki_can_devices/src/py_to_cpp.cpp:[m[K In constructor â€˜[01m[KPyToCpp::PyToCpp()[m[Kâ€™:
[16.806s] [01m[K/home/loki/Documents/GitHub/saga_repo/ros2_thor/src/loki/loki_can_devices/src/py_to_cpp.cpp:80:13:[m[K [01;31m[Kerror: [m[Kâ€˜[01m[Kpub1_[m[Kâ€™ was not declared in this scope; did you mean â€˜[01m[Kpub3_[m[Kâ€™?
[16.806s]    80 |             [01;31m[Kpub1_[m[K = create_publisher<loki_msgs::msg::CANFrame>("can_frames_device_r", 100);
[16.806s]       |             [01;31m[K^~~~~[m[K
[16.807s]       |             [32m[Kpub3_[m[K
[16.807s] [01m[K/home/loki/Documents/GitHub/saga_repo/ros2_thor/src/loki/loki_can_devices/src/py_to_cpp.cpp:80:54:[m[K [01;31m[Kerror: [m[Kâ€˜[01m[KCANFrame[m[Kâ€™ is not a member of â€˜[01m[Kloki_msgs::msg[m[Kâ€™
[16.807s]    80 |             pub1_ = create_publisher<loki_msgs::msg::[01;31m[KCANFrame[m[K>("can_frames_device_r", 100);
[16.808s]       |                                                      [01;31m[K^~~~~~~~[m[K
[16.808s] [01m[K/home/loki/Documents/GitHub/saga_repo/ros2_thor/src/loki/loki_can_devices/src/py_to_cpp.cpp:80:63:[m[K [01;31m[Kerror: [m[Kno matching function for call to â€˜[01m[KPyToCpp::create_publisher<<expression error> >(const char [20], int)[m[Kâ€™
[16.808s]    80 |             pub1_ = [01;31m[Kcreate_publisher<loki_msgs::msg::CANFrame>("can_frames_device_r", 100)[m[K;
[16.808s]       |                     [01;31m[K~~~~~~~~~~~~~~~~~~~~~~~~~~~~~~~~~~~~~~~~~~^~~~~~~~~~~~~~~~~~~~~~~~~~~~[m[K
[16.808s] In file included from [01m[K/opt/ros/humble/include/rclcpp/rclcpp/executors/single_threaded_executor.hpp:28[m[K,
[16.808s]                  from [01m[K/opt/ros/humble/include/rclcpp/rclcpp/executors.hpp:22[m[K,
[16.808s]                  from [01m[K/opt/ros/humble/include/rclcpp/rclcpp/rclcpp.hpp:155[m[K,
[16.808s]                  from [01m[K/home/loki/Documents/GitHub/saga_repo/ros2_thor/src/loki/loki_can_devices/src/py_to_cpp.cpp:1[m[K:
[16.808s] [01m[K/opt/ros/humble/include/rclcpp/rclcpp/node.hpp:195:3:[m[K [01;36m[Knote: [m[Kcandidate: â€˜[01m[Ktemplate<class MessageT, class AllocatorT, class PublisherT> std::shared_ptr<PublisherT> rclcpp::Node::create_publisher(const string&, const rclcpp::QoS&, const rclcpp::PublisherOptionsWithAllocator<AllocatorT>&)[m[Kâ€™
[16.808s]   195 |   [01;36m[Kcreate_publisher[m[K(
[16.808s]       |   [01;36m[K^~~~~~~~~~~~~~~~[m[K
[16.808s] [01m[K/opt/ros/humble/include/rclcpp/rclcpp/node.hpp:195:3:[m[K [01;36m[Knote: [m[K  template argument deduction/substitution failed:
[16.808s] [01m[K/home/loki/Documents/GitHub/saga_repo/ros2_thor/src/loki/loki_can_devices/src/py_to_cpp.cpp:80:63:[m[K [01;31m[Kerror: [m[Ktemplate argument 1 is invalid
[16.808s]    80 |             pub1_ = [01;31m[Kcreate_publisher<loki_msgs::msg::CANFrame>("can_frames_device_r", 100)[m[K;
[16.808s]       |                     [01;31m[K~~~~~~~~~~~~~~~~~~~~~~~~~~~~~~~~~~~~~~~~~~^~~~~~~~~~~~~~~~~~~~~~~~~~~~[m[K
[16.812s] [01m[K/home/loki/Documents/GitHub/saga_repo/ros2_thor/src/loki/loki_can_devices/src/py_to_cpp.cpp:81:13:[m[K [01;31m[Kerror: [m[Kâ€˜[01m[Kpub2_[m[Kâ€™ was not declared in this scope; did you mean â€˜[01m[Kpub3_[m[Kâ€™?
[16.812s]    81 |             [01;31m[Kpub2_[m[K = create_publisher<loki_msgs::msg::CANFrame>("can_frames_base_r", 100);
[16.812s]       |             [01;31m[K^~~~~[m[K
[16.813s]       |             [32m[Kpub3_[m[K
[16.813s] [01m[K/home/loki/Documents/GitHub/saga_repo/ros2_thor/src/loki/loki_can_devices/src/py_to_cpp.cpp:81:54:[m[K [01;31m[Kerror: [m[Kâ€˜[01m[KCANFrame[m[Kâ€™ is not a member of â€˜[01m[Kloki_msgs::msg[m[Kâ€™
[16.813s]    81 |             pub2_ = create_publisher<loki_msgs::msg::[01;31m[KCANFrame[m[K>("can_frames_base_r", 100);
[16.817s]       |                                                      [01;31m[K^~~~~~~~[m[K
[16.817s] [01m[K/home/loki/Documents/GitHub/saga_repo/ros2_thor/src/loki/loki_can_devices/src/py_to_cpp.cpp:81:63:[m[K [01;31m[Kerror: [m[Kno matching function for call to â€˜[01m[KPyToCpp::create_publisher<<expression error> >(const char [18], int)[m[Kâ€™
[16.817s]    81 |             pub2_ = [01;31m[Kcreate_publisher<loki_msgs::msg::CANFrame>("can_frames_base_r", 100)[m[K;
[16.817s]       |                     [01;31m[K~~~~~~~~~~~~~~~~~~~~~~~~~~~~~~~~~~~~~~~~~~^~~~~~~~~~~~~~~~~~~~~~~~~~[m[K
[16.817s] In file included from [01m[K/opt/ros/humble/include/rclcpp/rclcpp/executors/single_threaded_executor.hpp:28[m[K,
[16.817s]                  from [01m[K/opt/ros/humble/include/rclcpp/rclcpp/executors.hpp:22[m[K,
[16.817s]                  from [01m[K/opt/ros/humble/include/rclcpp/rclcpp/rclcpp.hpp:155[m[K,
[16.817s]                  from [01m[K/home/loki/Documents/GitHub/saga_repo/ros2_thor/src/loki/loki_can_devices/src/py_to_cpp.cpp:1[m[K:
[16.817s] [01m[K/opt/ros/humble/include/rclcpp/rclcpp/node.hpp:195:3:[m[K [01;36m[Knote: [m[Kcandidate: â€˜[01m[Ktemplate<class MessageT, class AllocatorT, class PublisherT> std::shared_ptr<PublisherT> rclcpp::Node::create_publisher(const string&, const rclcpp::QoS&, const rclcpp::PublisherOptionsWithAllocator<AllocatorT>&)[m[Kâ€™
[16.817s]   195 |   [01;36m[Kcreate_publisher[m[K(
[16.817s]       |   [01;36m[K^~~~~~~~~~~~~~~~[m[K
[16.817s] [01m[K/opt/ros/humble/include/rclcpp/rclcpp/node.hpp:195:3:[m[K [01;36m[Knote: [m[K  template argument deduction/substitution failed:
[16.817s] [01m[K/home/loki/Documents/GitHub/saga_repo/ros2_thor/src/loki/loki_can_devices/src/py_to_cpp.cpp:81:63:[m[K [01;31m[Kerror: [m[Ktemplate argument 1 is invalid
[16.817s]    81 |             pub2_ = [01;31m[Kcreate_publisher<loki_msgs::msg::CANFrame>("can_frames_base_r", 100)[m[K;
[16.817s]       |                     [01;31m[K~~~~~~~~~~~~~~~~~~~~~~~~~~~~~~~~~~~~~~~~~~^~~~~~~~~~~~~~~~~~~~~~~~~~[m[K
[16.825s] [01m[K/home/loki/Documents/GitHub/saga_repo/ros2_thor/src/loki/loki_can_devices/src/py_to_cpp.cpp:89:13:[m[K [01;31m[Kerror: [m[Kâ€˜[01m[Ksub3_[m[Kâ€™ was not declared in this scope; did you mean â€˜[01m[Kpub3_[m[Kâ€™?
[16.825s]    89 |             [01;31m[Ksub3_[m[K = create_subscription<loki_msgs::msg::CANFrame>("can_frames_device_t", 100, std::bind(&PyToCpp::canDeviceTCallback, this, std::placeholders::_1));
[16.825s]       |             [01;31m[K^~~~~[m[K
[16.825s]       |             [32m[Kpub3_[m[K
[16.826s] [01m[K/home/loki/Documents/GitHub/saga_repo/ros2_thor/src/loki/loki_can_devices/src/py_to_cpp.cpp:89:57:[m[K [01;31m[Kerror: [m[Kâ€˜[01m[KCANFrame[m[Kâ€™ is not a member of â€˜[01m[Kloki_msgs::msg[m[Kâ€™
[16.826s]    89 |             sub3_ = create_subscription<loki_msgs::msg::[01;31m[KCANFrame[m[K>("can_frames_device_t", 100, std::bind(&PyToCpp::canDeviceTCallback, this, std::placeholders::_1));
[16.826s]       |                                                         [01;31m[K^~~~~~~~[m[K
[16.827s] [01m[K/home/loki/Documents/GitHub/saga_repo/ros2_thor/src/loki/loki_can_devices/src/py_to_cpp.cpp:89:66:[m[K [01;31m[Kerror: [m[Kno matching function for call to â€˜[01m[KPyToCpp::create_subscription<<expression error> >(const char [20], int, std::_Bind_helper<false, void (PyToCpp::*)(int), PyToCpp*, const std::_Placeholder<1>&>::type)[m[Kâ€™
[16.827s]    89 |             sub3_ = [01;31m[Kcreate_subscription<loki_msgs::msg::CANFrame>("can_frames_device_t", 100, std::bind(&PyToCpp::canDeviceTCallback, this, std::placeholders::_1))[m[K;
[16.827s]       |                     [01;31m[K~~~~~~~~~~~~~~~~~~~~~~~~~~~~~~~~~~~~~~~~~~~~~^~~~~~~~~~~~~~~~~~~~~~~~~~~~~~~~~~~~~~~~~~~~~~~~~~~~~~~~~~~~~~~~~~~~~~~~~~~~~~~~~~~~~~~~~~~~~~~~~~[m[K
[16.827s] In file included from [01m[K/opt/ros/humble/include/rclcpp/rclcpp/node.hpp:1321[m[K,
[16.827s]                  from [01m[K/opt/ros/humble/include/rclcpp/rclcpp/executors/single_threaded_executor.hpp:28[m[K,
[16.827s]                  from [01m[K/opt/ros/humble/include/rclcpp/rclcpp/executors.hpp:22[m[K,
[16.828s]                  from [01m[K/opt/ros/humble/include/rclcpp/rclcpp/rclcpp.hpp:155[m[K,
[16.828s]                  from [01m[K/home/loki/Documents/GitHub/saga_repo/ros2_thor/src/loki/loki_can_devices/src/py_to_cpp.cpp:1[m[K:
[16.828s] [01m[K/opt/ros/humble/include/rclcpp/rclcpp/node_impl.hpp:92:1:[m[K [01;36m[Knote: [m[Kcandidate: â€˜[01m[Ktemplate<class MessageT, class CallbackT, class AllocatorT, class SubscriptionT, class MessageMemoryStrategyT> std::shared_ptr<ROSMessageT> rclcpp::Node::create_subscription(const string&, const rclcpp::QoS&, CallbackT&&, const rclcpp::SubscriptionOptionsWithAllocator<AllocatorT>&, typename MessageMemoryStrategyT::SharedPtr)[m[Kâ€™
[16.828s]    92 | [01;36m[KNode[m[K::create_subscription(
[16.828s]       | [01;36m[K^~~~[m[K
[16.828s] [01m[K/opt/ros/humble/include/rclcpp/rclcpp/node_impl.hpp:92:1:[m[K [01;36m[Knote: [m[K  template argument deduction/substitution failed:
[16.828s] [01m[K/home/loki/Documents/GitHub/saga_repo/ros2_thor/src/loki/loki_can_devices/src/py_to_cpp.cpp:89:66:[m[K [01;31m[Kerror: [m[Ktemplate argument 1 is invalid
[16.828s]    89 |             sub3_ = [01;31m[Kcreate_subscription<loki_msgs::msg::CANFrame>("can_frames_device_t", 100, std::bind(&PyToCpp::canDeviceTCallback, this, std::placeholders::_1))[m[K;
[16.828s]       |                     [01;31m[K~~~~~~~~~~~~~~~~~~~~~~~~~~~~~~~~~~~~~~~~~~~~~^~~~~~~~~~~~~~~~~~~~~~~~~~~~~~~~~~~~~~~~~~~~~~~~~~~~~~~~~~~~~~~~~~~~~~~~~~~~~~~~~~~~~~~~~~~~~~~~~~[m[K
[16.869s] [01m[K/home/loki/Documents/GitHub/saga_repo/ros2_thor/src/loki/loki_can_devices/src/py_to_cpp.cpp:[m[K In member function â€˜[01m[Kbool PyToCpp::server_eval_can_buffer(std::shared_ptr<loki_msgs::srv::EvalCanBuffer_Request_<std::allocator<void> > >, std::shared_ptr<loki_msgs::srv::EvalCanBuffer_Response_<std::allocator<void> > >)[m[Kâ€™:
[16.869s] [01m[K/home/loki/Documents/GitHub/saga_repo/ros2_thor/src/loki/loki_can_devices/src/py_to_cpp.cpp:453:33:[m[K [01;31m[Kerror: [m[Kâ€˜[01m[KCANFrame[m[Kâ€™ is not a member of â€˜[01m[Kloki_msgs::msg[m[Kâ€™
[16.869s]   453 |                 loki_msgs::msg::[01;31m[KCANFrame[m[K can_msg;
[16.869s]       |                                 [01;31m[K^~~~~~~~[m[K
[16.875s] [01m[K/home/loki/Documents/GitHub/saga_repo/ros2_thor/src/loki/loki_can_devices/src/py_to_cpp.cpp:454:43:[m[K [01;31m[Kerror: [m[Kâ€˜[01m[Kcan_msg[m[Kâ€™ was not declared in this scope
[16.875s]   454 |                 canFrameToMsg(*can_frame, [01;31m[Kcan_msg[m[K);
[16.875s]       |                                           [01;31m[K^~~~~~~[m[K
[16.880s] [01m[K/home/loki/Documents/GitHub/saga_repo/ros2_thor/src/loki/loki_can_devices/src/py_to_cpp.cpp:455:17:[m[K [01;31m[Kerror: [m[Kâ€˜[01m[Kpub2_[m[Kâ€™ was not declared in this scope; did you mean â€˜[01m[Kpub3_[m[Kâ€™?
[16.880s]   455 |                 [01;31m[Kpub2_[m[K->publish(can_msg);
[16.880s]       |                 [01;31m[K^~~~~[m[K
[16.880s]       |                 [32m[Kpub3_[m[K
[16.881s] [01m[K/home/loki/Documents/GitHub/saga_repo/ros2_thor/src/loki/loki_can_devices/src/py_to_cpp.cpp:461:33:[m[K [01;31m[Kerror: [m[Kâ€˜[01m[KCANFrame[m[Kâ€™ is not a member of â€˜[01m[Kloki_msgs::msg[m[Kâ€™
[16.881s]   461 |                 loki_msgs::msg::[01;31m[KCANFrame[m[K can_msg;
[16.881s]       |                                 [01;31m[K^~~~~~~~[m[K
[16.887s] [01m[K/home/loki/Documents/GitHub/saga_repo/ros2_thor/src/loki/loki_can_devices/src/py_to_cpp.cpp:462:43:[m[K [01;31m[Kerror: [m[Kâ€˜[01m[Kcan_msg[m[Kâ€™ was not declared in this scope
[16.887s]   462 |                 canFrameToMsg(*can_frame, [01;31m[Kcan_msg[m[K);
[16.887s]       |                                           [01;31m[K^~~~~~~[m[K
[16.892s] [01m[K/home/loki/Documents/GitHub/saga_repo/ros2_thor/src/loki/loki_can_devices/src/py_to_cpp.cpp:463:17:[m[K [01;31m[Kerror: [m[Kâ€˜[01m[Kpub1_[m[Kâ€™ was not declared in this scope; did you mean â€˜[01m[Kpub3_[m[Kâ€™?
[16.892s]   463 |                 [01;31m[Kpub1_[m[K->publish(can_msg);
[16.892s]       |                 [01;31m[K^~~~~[m[K
[16.892s]       |                 [32m[Kpub3_[m[K
[16.939s] [01m[K/home/loki/Documents/GitHub/saga_repo/ros2_thor/src/loki/loki_can_devices/src/py_to_cpp.cpp:[m[K In member function â€˜[01m[Kvoid PyToCpp::canFrameFromMsg(int, CanFrame&)[m[Kâ€™:
[16.940s] [01m[K/home/loki/Documents/GitHub/saga_repo/ros2_thor/src/loki/loki_can_devices/src/py_to_cpp.cpp:680:44:[m[K [01;31m[Kerror: [m[Krequest for member â€˜[01m[Kid[m[Kâ€™ in â€˜[01m[Kcan_msg_in[m[Kâ€™, which is of non-class type â€˜[01m[Kint[m[Kâ€™
[16.940s]   680 |             can_frame_out.setId(can_msg_in.[01;31m[Kid[m[K);
[16.940s]       |                                            [01;31m[K^~[m[K
[16.940s] [01m[K/home/loki/Documents/GitHub/saga_repo/ros2_thor/src/loki/loki_can_devices/src/py_to_cpp.cpp:681:48:[m[K [01;31m[Kerror: [m[Krequest for member â€˜[01m[Klength[m[Kâ€™ in â€˜[01m[Kcan_msg_in[m[Kâ€™, which is of non-class type â€˜[01m[Kint[m[Kâ€™
[16.940s]   681 |             can_frame_out.setLength(can_msg_in.[01;31m[Klength[m[K);
[16.940s]       |                                                [01;31m[K^~~~~~[m[K
[16.940s] [01m[K/home/loki/Documents/GitHub/saga_repo/ros2_thor/src/loki/loki_can_devices/src/py_to_cpp.cpp:682:47:[m[K [01;31m[Kerror: [m[Krequest for member â€˜[01m[Kdata[m[Kâ€™ in â€˜[01m[Kcan_msg_in[m[Kâ€™, which is of non-class type â€˜[01m[Kint[m[Kâ€™
[16.940s]   682 |             can_frame_out.setBytes(can_msg_in.[01;31m[Kdata[m[K[0],
[16.940s]       |                                               [01;31m[K^~~~[m[K
[16.940s] [01m[K/home/loki/Documents/GitHub/saga_repo/ros2_thor/src/loki/loki_can_devices/src/py_to_cpp.cpp:683:48:[m[K [01;31m[Kerror: [m[Krequest for member â€˜[01m[Kdata[m[Kâ€™ in â€˜[01m[Kcan_msg_in[m[Kâ€™, which is of non-class type â€˜[01m[Kint[m[Kâ€™
[16.940s]   683 |                                     can_msg_in.[01;31m[Kdata[m[K[1],
[16.940s]       |                                                [01;31m[K^~~~[m[K
[16.940s] [01m[K/home/loki/Documents/GitHub/saga_repo/ros2_thor/src/loki/loki_can_devices/src/py_to_cpp.cpp:684:48:[m[K [01;31m[Kerror: [m[Krequest for member â€˜[01m[Kdata[m[Kâ€™ in â€˜[01m[Kcan_msg_in[m[Kâ€™, which is of non-class type â€˜[01m[Kint[m[Kâ€™
[16.940s]   684 |                                     can_msg_in.[01;31m[Kdata[m[K[2],
[16.940s]       |                                                [01;31m[K^~~~[m[K
[16.940s] [01m[K/home/loki/Documents/GitHub/saga_repo/ros2_thor/src/loki/loki_can_devices/src/py_to_cpp.cpp:685:48:[m[K [01;31m[Kerror: [m[Krequest for member â€˜[01m[Kdata[m[Kâ€™ in â€˜[01m[Kcan_msg_in[m[Kâ€™, which is of non-class type â€˜[01m[Kint[m[Kâ€™
[16.940s]   685 |                                     can_msg_in.[01;31m[Kdata[m[K[3],
[16.940s]       |                                                [01;31m[K^~~~[m[K
[16.940s] [01m[K/home/loki/Documents/GitHub/saga_repo/ros2_thor/src/loki/loki_can_devices/src/py_to_cpp.cpp:686:48:[m[K [01;31m[Kerror: [m[Krequest for member â€˜[01m[Kdata[m[Kâ€™ in â€˜[01m[Kcan_msg_in[m[Kâ€™, which is of non-class type â€˜[01m[Kint[m[Kâ€™
[16.940s]   686 |                                     can_msg_in.[01;31m[Kdata[m[K[4],
[16.940s]       |                                                [01;31m[K^~~~[m[K
[16.940s] [01m[K/home/loki/Documents/GitHub/saga_repo/ros2_thor/src/loki/loki_can_devices/src/py_to_cpp.cpp:687:48:[m[K [01;31m[Kerror: [m[Krequest for member â€˜[01m[Kdata[m[Kâ€™ in â€˜[01m[Kcan_msg_in[m[Kâ€™, which is of non-class type â€˜[01m[Kint[m[Kâ€™
[16.940s]   687 |                                     can_msg_in.[01;31m[Kdata[m[K[5],
[16.940s]       |                                                [01;31m[K^~~~[m[K
[16.940s] [01m[K/home/loki/Documents/GitHub/saga_repo/ros2_thor/src/loki/loki_can_devices/src/py_to_cpp.cpp:688:48:[m[K [01;31m[Kerror: [m[Krequest for member â€˜[01m[Kdata[m[Kâ€™ in â€˜[01m[Kcan_msg_in[m[Kâ€™, which is of non-class type â€˜[01m[Kint[m[Kâ€™
[16.940s]   688 |                                     can_msg_in.[01;31m[Kdata[m[K[6],
[16.940s]       |                                                [01;31m[K^~~~[m[K
[16.941s] [01m[K/home/loki/Documents/GitHub/saga_repo/ros2_thor/src/loki/loki_can_devices/src/py_to_cpp.cpp:689:48:[m[K [01;31m[Kerror: [m[Krequest for member â€˜[01m[Kdata[m[Kâ€™ in â€˜[01m[Kcan_msg_in[m[Kâ€™, which is of non-class type â€˜[01m[Kint[m[Kâ€™
[16.941s]   689 |                                     can_msg_in.[01;31m[Kdata[m[K[7]
[16.941s]       |                                                [01;31m[K^~~~[m[K
[16.941s] [01m[K/home/loki/Documents/GitHub/saga_repo/ros2_thor/src/loki/loki_can_devices/src/py_to_cpp.cpp:[m[K In member function â€˜[01m[Kvoid PyToCpp::canFrameToMsg(CanFrame, int&)[m[Kâ€™:
[16.941s] [01m[K/home/loki/Documents/GitHub/saga_repo/ros2_thor/src/loki/loki_can_devices/src/py_to_cpp.cpp:697:25:[m[K [01;31m[Kerror: [m[Krequest for member â€˜[01m[Kdata[m[Kâ€™ in â€˜[01m[Kcan_msg_out[m[Kâ€™, which is of non-class type â€˜[01m[Kint[m[Kâ€™
[16.941s]   697 |             can_msg_out.[01;31m[Kdata[m[K.resize(8);
[16.941s]       |                         [01;31m[K^~~~[m[K
[16.941s] [01m[K/home/loki/Documents/GitHub/saga_repo/ros2_thor/src/loki/loki_can_devices/src/py_to_cpp.cpp:698:25:[m[K [01;31m[Kerror: [m[Krequest for member â€˜[01m[Kid[m[Kâ€™ in â€˜[01m[Kcan_msg_out[m[Kâ€™, which is of non-class type â€˜[01m[Kint[m[Kâ€™
[16.941s]   698 |             can_msg_out.[01;31m[Kid[m[K = can_frame.getId();
[16.941s]       |                         [01;31m[K^~[m[K
[16.941s] [01m[K/home/loki/Documents/GitHub/saga_repo/ros2_thor/src/loki/loki_can_devices/src/py_to_cpp.cpp:699:25:[m[K [01;31m[Kerror: [m[Krequest for member â€˜[01m[Klength[m[Kâ€™ in â€˜[01m[Kcan_msg_out[m[Kâ€™, which is of non-class type â€˜[01m[Kint[m[Kâ€™
[16.941s]   699 |             can_msg_out.[01;31m[Klength[m[K = can_frame.getLength();
[16.941s]       |                         [01;31m[K^~~~~~[m[K
[16.941s] [01m[K/home/loki/Documents/GitHub/saga_repo/ros2_thor/src/loki/loki_can_devices/src/py_to_cpp.cpp:700:44:[m[K [01;31m[Kerror: [m[Krequest for member â€˜[01m[Kdata[m[Kâ€™ in â€˜[01m[Kcan_msg_out[m[Kâ€™, which is of non-class type â€˜[01m[Kint[m[Kâ€™
[16.941s]   700 |             can_frame.getBytes(can_msg_out.[01;31m[Kdata[m[K);
[16.941s]       |                                            [01;31m[K^~~~[m[K
[21.359s] gmake[2]: *** [CMakeFiles/pytocpp.dir/build.make:76: CMakeFiles/pytocpp.dir/src/py_to_cpp.cpp.o] Error 1
[21.359s] gmake[1]: *** [CMakeFiles/Makefile2:165: CMakeFiles/pytocpp.dir/all] Error 2
[21.359s] gmake: *** [Makefile:146: all] Error 2
[21.361s] Invoked command in '/home/loki/Documents/GitHub/saga_repo/build/loki_can_devices' returned '2': AMENT_PREFIX_PATH=/home/loki/Documents/GitHub/saga_repo/install/loki_msgs:/home/loki/Documents/GitHub/saga_repo/install/loki_description:${AMENT_PREFIX_PATH} CMAKE_PREFIX_PATH=/home/loki/Documents/GitHub/saga_repo/install/loki_msgs:/home/loki/Documents/GitHub/saga_repo/install/loki_description:/opt/ros/humble LD_LIBRARY_PATH=/home/loki/Documents/GitHub/saga_repo/install/loki_msgs/lib:${LD_LIBRARY_PATH} PYTHONPATH=/home/loki/Documents/GitHub/saga_repo/install/loki_msgs/local/lib/python3.10/dist-packages:${PYTHONPATH} /usr/bin/cmake --build /home/loki/Documents/GitHub/saga_repo/build/loki_can_devices -- -j8 -l8
