[ 81%] Built target can
[ 90%] [32mBuilding CXX object CMakeFiles/pytocpp.dir/src/py_to_cpp.cpp.o[0m
[01m[K/home/cairlab/Documents/GitHub/saga_repo/ros2_thor/src/loki/loki_can_devices/src/py_to_cpp.cpp:46:10:[m[K [01;31m[Kfatal error: [m[Kboost: No such file or directory
   46 | #include [01;31m[K<boost>[m[K
      |          [01;31m[K^~~~~~~[m[K
compilation terminated.
gmake[2]: *** [CMakeFiles/pytocpp.dir/build.make:76: CMakeFiles/pytocpp.dir/src/py_to_cpp.cpp.o] Error 1
gmake[1]: *** [CMakeFiles/Makefile2:165: CMakeFiles/pytocpp.dir/all] Error 2
gmake: *** [Makefile:146: all] Error 2
